[2/64] Running on node101
[3/64] Running on node101
[5/64] Running on node101
[8/64] Running on node101
[18/64] Running on node103
DESC: dir=/var/scratch/dbuurman/kmeans/size_26/clusters_12/dimension_4/seed_971 numMeans=12 convergenceDelta=0.0001 thresholdMultiplier=0
[1/64] Running on node101
[4/64] Running on node101
[6/64] Running on node101
[7/64] Running on node101
[20/64] Running on node103
[19/64] Running on node103
[21/64] Running on node103
[11/64] Running on node102
[23/64] Running on node103
[13/64] Running on node102
[24/64] Running on node103
[37/64] Running on node105
[9/64] Running on node102
[15/64] Running on node102
[17/64] Running on node103
[39/64] Running on node105
[49/64] Running on node107
[22/64] Running on node103
[33/64] Running on node105
[51/64] Running on node107
[12/64] Running on node102
[35/64] Running on node105
[10/64] Running on node102
[34/64] Running on node105
[52/64] Running on node107
[14/64] Running on node102
[36/64] Running on node105
[16/64] Running on node102
[38/64] Running on node105
[54/64] Running on node107
[40/64] Running on node105
[55/64] Running on node107
[41/64] Running on node106
[56/64] Running on node107
[25/64] Running on node104
[58/64] Running on node108
[50/64] Running on node107
[27/64] Running on node104
[57/64] Running on node108
[42/64] Running on node106
[53/64] Running on node107
[26/64] Running on node104
[59/64] Running on node108
[43/64] Running on node106
[29/64] Running on node104
[61/64] Running on node108
[44/64] Running on node106
[31/64] Running on node104
[63/64] Running on node108
[46/64] Running on node106
[30/64] Running on node104
[60/64] Running on node108
[47/64] Running on node106
[28/64] Running on node104
[62/64] Running on node108
[48/64] Running on node106
[32/64] Running on node104
[64/64] Running on node108
[45/64] Running on node106

Reading file: /var/scratch/dbuurman/kmeans/size_26/clusters_12/dimension_4/seed_971/data.txt
EXP: readTime 51.4295 seconds
Detected 67108864 data points of dimension 4.


EXP 1: using seed 93ad3d64
Stopping iterations due to convergence delta.
EXP 1: [1/64] calculationTime 4.01615 seconds
EXP 1: iterations 34
EXP 1: [7/64] calculationTime 4.01613 seconds
EXP 1: [3/64] calculationTime 4.01613 seconds
EXP 1: [4/64] calculationTime 4.01613 seconds
EXP 1: [6/64] calculationTime 4.01613 seconds
EXP 1: [5/64] calculationTime 4.01613 seconds
EXP 1: [8/64] calculationTime 4.01613 seconds
EXP 1: [2/64] calculationTime 4.01613 seconds
EXP 1: [22/64] calculationTime 4.01613 seconds
EXP 1: [63/64] calculationTime 4.01611 seconds
EXP 1: [24/64] calculationTime 4.01612 seconds
EXP 1: [36/64] calculationTime 4.01612 seconds
EXP 1: [32/64] calculationTime 4.01612 seconds
EXP 1: [14/64] calculationTime 4.01613 seconds
EXP 1: [59/64] calculationTime 4.01612 seconds
EXP 1: [44/64] calculationTime 4.01612 seconds
EXP 1: [37/64] calculationTime 4.01612 seconds
EXP 1: [52/64] calculationTime 4.01612 seconds
EXP 1: [27/64] calculationTime 4.01612 seconds
EXP 1: [16/64] calculationTime 4.01612 seconds
EXP 1: [60/64] calculationTime 4.01612 seconds
EXP 1: [46/64] calculationTime 4.01612 seconds
EXP 1: [20/64] calculationTime 4.01612 seconds
EXP 1: [18/64] calculationTime 4.01613 seconds
EXP 1: [38/64] calculationTime 4.01613 seconds
EXP 1: [54/64] calculationTime 4.01613 seconds
EXP 1: [25/64] calculationTime 4.01613 seconds
EXP 1: [13/64] calculationTime 4.01613 seconds
EXP 1: [61/64] calculationTime 4.01611 seconds
EXP 1: [47/64] calculationTime 4.01611 seconds
terminate called after throwing an instance of 'std::runtime_error'
  what():  Could not open output file for cluster centers.
[node101:31996] *** Process received signal ***
[node101:31996] Signal: Aborted (6)
[node101:31996] Signal code:  (-6)
[node101:31996] [ 0] /lib64/libpthread.so.0(+0xf630)[0x2aaaabc6c630]
[node101:31996] [ 1] EXP 1: [19/64] calculationTime 4.01612 seconds
EXP 1: [40/64] calculationTime 4.01612 seconds
EXP 1: [55/64] calculationTime 4.01611 seconds
EXP 1: [30/64] calculationTime 4.01613 seconds
EXP 1: [12/64] calculationTime 4.01612 seconds
EXP 1: [62/64] calculationTime 4.01612 seconds
EXP 1: [45/64] calculationTime 4.01612 seconds
/lib64/libc.so.6(gsignal+0x37)[0x2aaaabeaf387]
[node101:31996] [ 2] EXP 1: [17/64] calculationTime 4.01612 seconds
EXP 1: [39/64] calculationTime 4.01612 seconds
EXP 1: [53/64] calculationTime 4.01612 seconds
EXP 1: [26/64] calculationTime 4.01613 seconds
EXP 1: [15/64] calculationTime 4.01612 seconds
EXP 1: [64/64] calculationTime 4.01611 seconds
EXP 1: [41/64] calculationTime 4.01612 seconds
/lib64/libc.so.6(abort+0x148)[0x2aaaabeb0a78]
[node101:31996] [ 3] /cm/local/apps/gcc/6.3.0/lib64/libstdc++.so.6(_ZN9__gnu_cxx27__verbose_terminate_handlerEv+0x15d)[0x2aaaab4533bd]
[node101:31996] [ 4] /cm/local/apps/gcc/6.3.0/lib64/libstdc++.so.6(+0x8e386)[0x2aaaab451386]
[node101:31996] [ 5] /cm/local/apps/gcc/6.3.0/lib64/libstdc++.so.6(+0x8e3d1)[0x2aaaab4513d1]
[node101:31996] [ 6] /cm/local/apps/gcc/6.3.0/lib64/libstdc++.so.6(+0x8e5e9)[0x2aaaab4515e9]
[node101:31996] [ 7] /home/dbuurman/tUPL-to-MPI/tupl-kmeans-39f1073/support/../src/MPI_Kmeans[0x40ec02]
[node101:31996] [ 8] /home/dbuurman/tUPL-to-MPI/tupl-kmeans-39f1073/support/../src/MPI_Kmeans[0x4102d6]
[node101:31996] [ 9] /home/dbuurman/tUPL-to-MPI/tupl-kmeans-39f1073/support/../src/MPI_Kmeans[0x40a800]
[node101:31996] [10] /home/dbuurman/tUPL-to-MPI/tupl-kmeans-39f1073/support/../src/MPI_Kmeans[0x411c93]
[node101:31996] [11] /home/dbuurman/tUPL-to-MPI/tupl-kmeans-39f1073/support/../src/MPI_Kmeans[0x40a5e7]
[node101:31996] [12] /lib64/libc.so.6(__libc_start_main+0xf5)[0x2aaaabe9b555]
[node101:31996] [13] /home/dbuurman/tUPL-to-MPI/tupl-kmeans-39f1073/support/../src/MPI_Kmeans[0x40a6af]
[node101:31996] *** End of error message ***
EXP 1: [21/64] calculationTime 4.01612 seconds
EXP 1: [35/64] calculationTime 4.01611 seconds
EXP 1: [56/64] calculationTime 4.01611 seconds
EXP 1: [31/64] calculationTime 4.01611 seconds
EXP 1: [11/64] calculationTime 4.01612 seconds
EXP 1: [58/64] calculationTime 4.01613 seconds
EXP 1: [42/64] calculationTime 4.01613 seconds
EXP 1: [23/64] calculationTime 4.01611 seconds
EXP 1: [33/64] calculationTime 4.01612 seconds
EXP 1: [49/64] calculationTime 4.01612 seconds
EXP 1: [29/64] calculationTime 4.01612 seconds
EXP 1: [10/64] calculationTime 4.01613 seconds
EXP 1: [57/64] calculationTime 4.01612 seconds
EXP 1: [43/64] calculationTime 4.01612 seconds
EXP 1: [51/64] calculationTime 4.01611 seconds
EXP 1: [28/64] calculationTime 4.01612 seconds
EXP 1: [9/64] calculationTime 4.01613 seconds
EXP 1: [48/64] calculationTime 4.01612 seconds
EXP 1: [34/64] calculationTime 4.01613 seconds
EXP 1: [50/64] calculationTime 4.01613 seconds
--------------------------------------------------------------------------
mpirun noticed that process rank 0 with PID 31996 on node node101 exited on signal 6 (Aborted).
--------------------------------------------------------------------------
ERR: job failed
