[5/64] Running on node101
DESC: dir=/var/scratch/dbuurman/kmeans/size_26/clusters_16/dimension_4/seed_971 numMeans=16 convergenceDelta=0.0001 thresholdMultiplier=0
[1/64] Running on node101
[3/64] Running on node101
[4/64] Running on node101
[8/64] Running on node101
[2/64] Running on node101
[7/64] Running on node101
[6/64] Running on node101
[39/64] Running on node105
[35/64] Running on node105
[33/64] Running on node105
[17/64] Running on node103
[21/64] Running on node103
[37/64] Running on node105
[10/64] Running on node102
[23/64] Running on node103
[38/64] Running on node105
[18/64] Running on node103
[34/64] Running on node105
[11/64] Running on node102
[46/64] Running on node106
[20/64] Running on node103
[40/64] Running on node105
[15/64] Running on node102
[42/64] Running on node106
[25/64] Running on node104
[24/64] Running on node103
[36/64] Running on node105
[12/64] Running on node102
[44/64] Running on node106
[27/64] Running on node104
[19/64] Running on node103
[13/64] Running on node102
[49/64] Running on node107
[41/64] Running on node106
[32/64] Running on node104
[22/64] Running on node103
[16/64] Running on node102
[45/64] Running on node106
[28/64] Running on node104
[9/64] Running on node102
[50/64] Running on node107
[47/64] Running on node106
[29/64] Running on node104
[57/64] Running on node108
[14/64] Running on node102
[51/64] Running on node107
[43/64] Running on node106
[30/64] Running on node104
[59/64] Running on node108
[52/64] Running on node107
[48/64] Running on node106
[31/64] Running on node104
[60/64] Running on node108
[53/64] Running on node107
[26/64] Running on node104
[61/64] Running on node108
[58/64] Running on node108
[54/64] Running on node107
[55/64] Running on node107
[64/64] Running on node108
[56/64] Running on node107
[62/64] Running on node108
[63/64] Running on node108

Reading file: /var/scratch/dbuurman/kmeans/size_26/clusters_16/dimension_4/seed_971/data.txt
MPI_Kmeans: common.h:174: bool readPoint(Options&, FileState&, T) [with T = double*]: Assertion `dim == options.dataDim' failed.
[node101:32511] *** Process received signal ***
[node101:32511] Signal: Aborted (6)
[node101:32511] Signal code:  (-6)
[node101:32511] [ 0] /lib64/libpthread.so.0(+0xf630)[0x2aaaabc6c630]
[node101:32511] [ 1] /lib64/libc.so.6(gsignal+0x37)[0x2aaaabeaf387]
[node101:32511] [ 2] /lib64/libc.so.6(abort+0x148)[0x2aaaabeb0a78]
[node101:32511] [ 3] /lib64/libc.so.6(+0x2f1a6)[0x2aaaabea81a6]
[node101:32511] [ 4] /lib64/libc.so.6(+0x2f252)[0x2aaaabea8252]
[node101:32511] [ 5] /home/dbuurman/tUPL-to-MPI/tupl-kmeans-39f1073/support/../src/MPI_Kmeans[0x414283]
[node101:32511] [ 6] /home/dbuurman/tUPL-to-MPI/tupl-kmeans-39f1073/support/../src/MPI_Kmeans[0x41343a]
[node101:32511] [ 7] /home/dbuurman/tUPL-to-MPI/tupl-kmeans-39f1073/support/../src/MPI_Kmeans[0x40a792]
[node101:32511] [ 8] /home/dbuurman/tUPL-to-MPI/tupl-kmeans-39f1073/support/../src/MPI_Kmeans[0x411c93]
[node101:32511] [ 9] /home/dbuurman/tUPL-to-MPI/tupl-kmeans-39f1073/support/../src/MPI_Kmeans[0x40a5e7]
[node101:32511] [10] /lib64/libc.so.6(__libc_start_main+0xf5)[0x2aaaabe9b555]
[node101:32511] [11] /home/dbuurman/tUPL-to-MPI/tupl-kmeans-39f1073/support/../src/MPI_Kmeans[0x40a6af]
[node101:32511] *** End of error message ***
--------------------------------------------------------------------------
mpirun noticed that process rank 0 with PID 32511 on node node101 exited on signal 6 (Aborted).
--------------------------------------------------------------------------
ERR: job failed
