DESC: dir=/var/scratch/dbuurman/kmeans/size_26/clusters_5/dimension_4/seed_971 numMeans=5 convergenceDelta=0.0001 thresholdMultiplier=0
[1/64] Running on node112
[3/64] Running on node112
[2/64] Running on node112
[4/64] Running on node112
[5/64] Running on node112
[8/64] Running on node112
[7/64] Running on node112
[6/64] Running on node112
[9/64] Running on node113
[36/64] Running on node116
[10/64] Running on node113
[33/64] Running on node116
[11/64] Running on node113
[17/64] Running on node114
[13/64] Running on node113
[34/64] Running on node116
[14/64] Running on node113
[18/64] Running on node114
[15/64] Running on node113
[39/64] Running on node116
[19/64] Running on node114
[12/64] Running on node113
[37/64] Running on node116
[20/64] Running on node114
[41/64] Running on node117
[16/64] Running on node113
[40/64] Running on node116
[21/64] Running on node114
[45/64] Running on node117
[35/64] Running on node116
[23/64] Running on node114
[47/64] Running on node117
[38/64] Running on node116
[50/64] Running on node118
[24/64] Running on node114
[43/64] Running on node117
[22/64] Running on node114
[44/64] Running on node117
[52/64] Running on node118
[42/64] Running on node117
[46/64] Running on node117
[51/64] Running on node118
[26/64] Running on node115
[48/64] Running on node117
[53/64] Running on node118
[49/64] Running on node118
[29/64] Running on node115
[55/64] Running on node118
[56/64] Running on node118
[54/64] Running on node118
[27/64] Running on node115
[28/64] Running on node115
[58/64] Running on node119
[30/64] Running on node115
[31/64] Running on node115
[32/64] Running on node115
[25/64] Running on node115
[57/64] Running on node119
[60/64] Running on node119
[61/64] Running on node119
[59/64] Running on node119
[62/64] Running on node119
[64/64] Running on node119
[63/64] Running on node119

Reading file: /var/scratch/dbuurman/kmeans/size_26/clusters_5/dimension_4/seed_971/data.txt
EXP: readTime 51.7174 seconds
Detected 67108864 data points of dimension 4.


EXP 1: using seed ac36ee06
Stopping iterations due to convergence delta.
EXP 1: [1/64] calculationTime 4.09048 seconds
EXP 1: iterations 63
EXP 1: [3/64] calculationTime 4.09046 seconds
EXP 1: [6/64] calculationTime 4.09047 seconds
EXP 1: [2/64] calculationTime 4.09047 seconds
EXP 1: [4/64] calculationTime 4.09047 seconds
EXP 1: [7/64] calculationTime 4.09046 seconds
EXP 1: [8/64] calculationTime 4.09047 seconds
EXP 1: [5/64] calculationTime 4.09046 seconds
EXP 1: [60/64] calculationTime 4.09046 seconds
EXP 1: [33/64] calculationTime 4.09045 seconds
EXP 1: [54/64] calculationTime 4.09047 seconds
EXP 1: [32/64] calculationTime 4.09045 seconds
EXP 1: [14/64] calculationTime 4.09047 seconds
EXP 1: [59/64] calculationTime 4.09045 seconds
EXP 1: [40/64] calculationTime 4.09046 seconds
EXP 1: [53/64] calculationTime 4.09044 seconds
EXP 1: [21/64] calculationTime 4.09045 seconds
EXP 1: [46/64] calculationTime 4.09046 seconds
EXP 1: [29/64] calculationTime 4.09045 seconds
EXP 1: [12/64] calculationTime 4.09046 seconds
EXP 1: [64/64] calculationTime 4.09045 seconds
EXP 1: [39/64] calculationTime 4.09045 seconds
EXP 1: [52/64] calculationTime 4.09046 seconds
EXP 1: [23/64] calculationTime 4.09045 seconds
EXP 1: [48/64] calculationTime 4.09045 seconds
EXP 1: [27/64] calculationTime 4.09045 seconds
EXP 1: [16/64] calculationTime 4.09046 seconds
EXP 1: [62/64] calculationTime 4.09046 seconds
EXP 1: [35/64] calculationTime 4.09045 seconds
EXP 1: [50/64] calculationTime 4.09046 seconds
EXP 1: [22/64] calculationTime 4.09047 seconds
EXP 1: [44/64] calculationTime 4.09046 seconds
EXP 1: [26/64] calculationTime 4.09047 seconds
EXP 1: [9/64] calculationTime 4.09046 seconds
terminate called after throwing an instance of 'std::runtime_error'
  what():  Could not open output file for cluster centers.
[node112:28798] *** Process received signal ***
[node112:28798] Signal: Aborted (6)
[node112:28798] Signal code:  (-6)
[node112:28798] [ 0] /lib64/libpthread.so.0(+0xf630)[0x2aaaabc6c630]
[node112:28798] [ 1] /lib64/libc.so.6(gsignal+0x37)[0x2aaaabeaf387]
[node112:28798] [ 2] /lib64/libc.so.6(abort+0x148)[0x2aaaabeb0a78]
[node112:28798] [ 3] /cm/local/apps/gcc/6.3.0/lib64/libstdc++.so.6(_ZN9__gnu_cxx27__verbose_terminate_handlerEv+0x15d)[0x2aaaab4533bd]
[node112:28798] [ 4] /cm/local/apps/gcc/6.3.0/lib64/libstdc++.so.6(+0x8e386)[0x2aaaab451386]
[node112:28798] [ 5] /cm/local/apps/gcc/6.3.0/lib64/libstdc++.so.6(+0x8e3d1)[0x2aaaab4513d1]
[node112:28798] [ 6] EXP 1: [63/64] calculationTime 4.09044 seconds
EXP 1: [34/64] calculationTime 4.09047 seconds
EXP 1: [51/64] calculationTime 4.09045 seconds
EXP 1: [17/64] calculationTime 4.09045 seconds
EXP 1: [47/64] calculationTime 4.09044 seconds
EXP 1: [28/64] calculationTime 4.09046 seconds
EXP 1: [10/64] calculationTime 4.09047 seconds
/cm/local/apps/gcc/6.3.0/lib64/libstdc++.so.6(+0x8e5e9)[0x2aaaab4515e9]
[node112:28798] [ 7] /home/dbuurman/tUPL-to-MPI/tupl-kmeans-39f1073/support/../src/MPI_Kmeans[0x40ec02]
[node112:28798] [ 8] /home/dbuurman/tUPL-to-MPI/tupl-kmeans-39f1073/support/../src/MPI_Kmeans[0x4102d6]
[node112:28798] [ 9] /home/dbuurman/tUPL-to-MPI/tupl-kmeans-39f1073/support/../src/MPI_Kmeans[0x40a800]
[node112:28798] [10] /home/dbuurman/tUPL-to-MPI/tupl-kmeans-39f1073/support/../src/MPI_Kmeans[0x411c93]
[node112:28798] [11] /home/dbuurman/tUPL-to-MPI/tupl-kmeans-39f1073/support/../src/MPI_Kmeans[0x40a5e7]
[node112:28798] [12] /lib64/libc.so.6(__libc_start_main+0xf5)[0x2aaaabe9b555]
[node112:28798] [13] /home/dbuurman/tUPL-to-MPI/tupl-kmeans-39f1073/support/../src/MPI_Kmeans[0x40a6af]
[node112:28798] *** End of error message ***
EXP 1: [58/64] calculationTime 4.09046 seconds
EXP 1: [37/64] calculationTime 4.09045 seconds
EXP 1: [56/64] calculationTime 4.09045 seconds
EXP 1: [18/64] calculationTime 4.09046 seconds
EXP 1: [43/64] calculationTime 4.09045 seconds
EXP 1: [30/64] calculationTime 4.09046 seconds
EXP 1: [15/64] calculationTime 4.09045 seconds
EXP 1: [61/64] calculationTime 4.09045 seconds
EXP 1: [38/64] calculationTime 4.09046 seconds
EXP 1: [49/64] calculationTime 4.09045 seconds
EXP 1: [19/64] calculationTime 4.09045 seconds
EXP 1: [41/64] calculationTime 4.09046 seconds
EXP 1: [31/64] calculationTime 4.09045 seconds
EXP 1: [11/64] calculationTime 4.09045 seconds
EXP 1: [57/64] calculationTime 4.09045 seconds
EXP 1: [36/64] calculationTime 4.09046 seconds
EXP 1: [55/64] calculationTime 4.09044 seconds
EXP 1: [20/64] calculationTime 4.09046 seconds
EXP 1: [42/64] calculationTime 4.09047 seconds
EXP 1: [25/64] calculationTime 4.09045 seconds
EXP 1: [13/64] calculationTime 4.09045 seconds
EXP 1: [24/64] calculationTime 4.09046 seconds
EXP 1: [45/64] calculationTime 4.09045 seconds
--------------------------------------------------------------------------
mpirun noticed that process rank 0 with PID 28798 on node node112 exited on signal 6 (Aborted).
--------------------------------------------------------------------------
ERR: job failed
