DESC: dir=/var/scratch/dbuurman/kmeans/size_26/clusters_4/dimension_2/seed_971 numMeans=4 convergenceDelta=0.0001 thresholdMultiplier=0
[1/64] Running on node101
[3/64] Running on node101
[6/64] Running on node101
[7/64] Running on node101
[4/64] Running on node101
[5/64] Running on node101
[2/64] Running on node101
[8/64] Running on node101
[17/64] Running on node103
[35/64] Running on node105
[18/64] Running on node103
[36/64] Running on node105
[22/64] Running on node103
[16/64] Running on node102
[11/64] Running on node102
[44/64] Running on node106
[37/64] Running on node105
[23/64] Running on node103
[43/64] Running on node106
[40/64] Running on node105
[24/64] Running on node103
[14/64] Running on node102
[47/64] Running on node106
[33/64] Running on node105
[19/64] Running on node103
[15/64] Running on node102
[49/64] Running on node107
[48/64] Running on node106
[34/64] Running on node105
[20/64] Running on node103
[32/64] Running on node104
[9/64] Running on node102
[50/64] Running on node107
[42/64] Running on node106
[38/64] Running on node105
[21/64] Running on node103
[26/64] Running on node104
[10/64] Running on node102
[57/64] Running on node108
[51/64] Running on node107
[45/64] Running on node106
[39/64] Running on node105
[28/64] Running on node104
[12/64] Running on node102
[61/64] Running on node108
[53/64] Running on node107
[41/64] Running on node106
[25/64] Running on node104
[13/64] Running on node102
[62/64] Running on node108
[55/64] Running on node107
[46/64] Running on node106
[29/64] Running on node104
[63/64] Running on node108
[56/64] Running on node107
[30/64] Running on node104
[64/64] Running on node108
[52/64] Running on node107
[31/64] Running on node104
[59/64] Running on node108
[54/64] Running on node107
[27/64] Running on node104
[58/64] Running on node108
[60/64] Running on node108

Reading file: /var/scratch/dbuurman/kmeans/size_26/clusters_4/dimension_2/seed_971/data.txt
Warning: data dimension lower than expected, not utulizing all allocated storage space.
EXP: readTime 25.4399 seconds
Detected 67108864 data points of dimension 2.


EXP 1: using seed a22e6dc6
Stopping iterations due to convergence delta.
EXP 1: [1/64] calculationTime 0.877745 seconds
EXP 1: iterations 22
EXP 1: [5/64] calculationTime 0.877729 seconds
EXP 1: [8/64] calculationTime 0.87773 seconds
EXP 1: [7/64] calculationTime 0.877727 seconds
EXP 1: [4/64] calculationTime 0.87773 seconds
EXP 1: [3/64] calculationTime 0.877729 seconds
EXP 1: [6/64] calculationTime 0.877731 seconds
EXP 1: [2/64] calculationTime 0.877732 seconds
EXP 1: [42/64] calculationTime 0.877725 seconds
EXP 1: [41/64] calculationTime 0.877726 seconds
EXP 1: [27/64] calculationTime 0.877717 seconds
EXP 1: [58/64] calculationTime 0.877721 seconds
EXP 1: [49/64] calculationTime 0.877722 seconds
EXP 1: [43/64] calculationTime 0.877716 seconds
EXP 1: [33/64] calculationTime 0.877727 seconds
EXP 1: [17/64] calculationTime 0.877725 seconds
EXP 1: [28/64] calculationTime 0.877716 seconds
EXP 1: [15/64] calculationTime 0.877716 seconds
EXP 1: [57/64] calculationTime 0.877723 seconds
EXP 1: [50/64] calculationTime 0.877721 seconds
EXP 1: [47/64] calculationTime 0.877711 seconds
EXP 1: [35/64] calculationTime 0.877718 seconds
EXP 1: [24/64] calculationTime 0.877716 seconds
EXP 1: [32/64] calculationTime 0.877714 seconds
EXP 1: [9/64] calculationTime 0.877729 seconds
terminate called after throwing an instance of 'std::runtime_error'
  what():  Could not open output file for cluster centers.
[node101:12899] *** Process received signal ***
[node101:12899] Signal: Aborted (6)
[node101:12899] Signal code:  (-6)
[node101:12899] [ 0] /lib64/libpthread.so.0(+0xf630)[0x2aaaabc6c630]
[node101:12899] [ 1] /lib64/libc.so.6(gsignal+0x37)[0x2aaaabeaf387]
[node101:12899] [ 2] /lib64/libc.so.6(abort+0x148)[0x2aaaabeb0a78]
[node101:12899] [ 3] /cm/local/apps/gcc/6.3.0/lib64/libstdc++.so.6(_ZN9__gnu_cxx27__verbose_terminate_handlerEv+0x15d)[0x2aaaab4533bd]
EXP 1: [61/64] calculationTime 0.877716 seconds
EXP 1: [56/64] calculationTime 0.877712 seconds
EXP 1: [46/64] calculationTime 0.877722 seconds
EXP 1: [36/64] calculationTime 0.877718 seconds
EXP 1: [19/64] calculationTime 0.877719 seconds
EXP 1: [31/64] calculationTime 0.877711 seconds
EXP 1: [16/64] calculationTime 0.877718 seconds
[node101:12899] [ 4] /cm/local/apps/gcc/6.3.0/lib64/libstdc++.so.6(+0x8e386)[0x2aaaab451386]
[node101:12899] [ 5] /cm/local/apps/gcc/6.3.0/lib64/libstdc++.so.6(+0x8e3d1)[0x2aaaab4513d1]
[node101:12899] [ 6] /cm/local/apps/gcc/6.3.0/lib64/libstdc++.so.6(+0x8e5e9)[0x2aaaab4515e9]
[node101:12899] [ 7] /home/dbuurman/tUPL-to-MPI/tupl-kmeans-39f1073/support/../src/MPI_Kmeans[0x40ec02]
[node101:12899] [ 8] /home/dbuurman/tUPL-to-MPI/tupl-kmeans-39f1073/support/../src/MPI_Kmeans[0x4102d6]
[node101:12899] [ 9] /home/dbuurman/tUPL-to-MPI/tupl-kmeans-39f1073/support/../src/MPI_Kmeans[0x40a800]
[node101:12899] [10] /home/dbuurman/tUPL-to-MPI/tupl-kmeans-39f1073/support/../src/MPI_Kmeans[0x411c93]
[node101:12899] [11] /home/dbuurman/tUPL-to-MPI/tupl-kmeans-39f1073/support/../src/MPI_Kmeans[0x40a5e7]
[node101:12899] [12] /lib64/libc.so.6(__libc_start_main+0xf5)[0x2aaaabe9b555]
[node101:12899] [13] /home/dbuurman/tUPL-to-MPI/tupl-kmeans-39f1073/support/../src/MPI_Kmeans[0x40a6af]
[node101:12899] *** End of error message ***
EXP 1: [62/64] calculationTime 0.877719 seconds
EXP 1: [51/64] calculationTime 0.877713 seconds
EXP 1: [45/64] calculationTime 0.877719 seconds
EXP 1: [34/64] calculationTime 0.877727 seconds
EXP 1: [20/64] calculationTime 0.877716 seconds
EXP 1: [26/64] calculationTime 0.877725 seconds
EXP 1: [10/64] calculationTime 0.877729 seconds
EXP 1: [63/64] calculationTime 0.877707 seconds
EXP 1: [52/64] calculationTime 0.87771 seconds
EXP 1: [48/64] calculationTime 0.877714 seconds
EXP 1: [38/64] calculationTime 0.877725 seconds
EXP 1: [18/64] calculationTime 0.877724 seconds
EXP 1: [25/64] calculationTime 0.877726 seconds
EXP 1: [12/64] calculationTime 0.87772 seconds
EXP 1: [60/64] calculationTime 0.877712 seconds
EXP 1: [53/64] calculationTime 0.877715 seconds
EXP 1: [44/64] calculationTime 0.877716 seconds
EXP 1: [37/64] calculationTime 0.877719 seconds
EXP 1: [22/64] calculationTime 0.877724 seconds
EXP 1: [29/64] calculationTime 0.877719 seconds
EXP 1: [11/64] calculationTime 0.877722 seconds
EXP 1: [59/64] calculationTime 0.877714 seconds
EXP 1: [55/64] calculationTime 0.877707 seconds
EXP 1: [39/64] calculationTime 0.877713 seconds
EXP 1: [23/64] calculationTime 0.877713 seconds
EXP 1: [30/64] calculationTime 0.877723 seconds
EXP 1: [14/64] calculationTime 0.877726 seconds
EXP 1: [64/64] calculationTime 0.877708 seconds
EXP 1: [54/64] calculationTime 0.877719 seconds
EXP 1: [40/64] calculationTime 0.877717 seconds
EXP 1: [21/64] calculationTime 0.877721 seconds
EXP 1: [13/64] calculationTime 0.877723 seconds
--------------------------------------------------------------------------
mpirun noticed that process rank 0 with PID 12899 on node node101 exited on signal 6 (Aborted).
--------------------------------------------------------------------------
ERR: job failed
