[3/64] Running on node112
DESC: dir=/var/scratch/dbuurman/kmeans/size_26/clusters_4/dimension_7/seed_971 numMeans=4 convergenceDelta=0.0001 thresholdMultiplier=0
[1/64] Running on node112
[2/64] Running on node112
[7/64] Running on node112
[8/64] Running on node112
[4/64] Running on node112
[5/64] Running on node112
[6/64] Running on node112
[34/64] Running on node116
[37/64] Running on node116
[39/64] Running on node116
[10/64] Running on node113
[35/64] Running on node116
[12/64] Running on node113
[20/64] Running on node114
[33/64] Running on node116
[38/64] Running on node116
[40/64] Running on node116
[11/64] Running on node113
[36/64] Running on node116
[15/64] Running on node113
[18/64] Running on node114
[13/64] Running on node113
[16/64] Running on node113
[25/64] Running on node115
[50/64] Running on node118
[9/64] Running on node113
[14/64] Running on node113
[19/64] Running on node114
[29/64] Running on node115
[52/64] Running on node118
[21/64] Running on node114
[27/64] Running on node115
[17/64] Running on node114
[28/64] Running on node115
[49/64] Running on node118
[22/64] Running on node114
[30/64] Running on node115
[51/64] Running on node118
[23/64] Running on node114
[31/64] Running on node115
[53/64] Running on node118
[24/64] Running on node114
[43/64] Running on node117
[32/64] Running on node115
[54/64] Running on node118
[62/64] Running on node119
[26/64] Running on node115
[55/64] Running on node118
[57/64] Running on node119
[44/64] Running on node117
[56/64] Running on node118
[63/64] Running on node119
[45/64] Running on node117
[58/64] Running on node119
[41/64] Running on node117
[59/64] Running on node119
[42/64] Running on node117
[61/64] Running on node119
[46/64] Running on node117
[64/64] Running on node119
[47/64] Running on node117
[60/64] Running on node119
[48/64] Running on node117

Reading file: /var/scratch/dbuurman/kmeans/size_26/clusters_4/dimension_7/seed_971/data.txt
terminate called after throwing an instance of 'std::runtime_error'
  what():  Allocated storage space insufficient, data dimension too high
[node112:11938] *** Process received signal ***
[node112:11938] Signal: Aborted (6)
[node112:11938] Signal code:  (-6)
[node112:11938] [ 0] /lib64/libpthread.so.0(+0xf630)[0x2aaaabc6c630]
[node112:11938] [ 1] /lib64/libc.so.6(gsignal+0x37)[0x2aaaabeaf387]
[node112:11938] [ 2] /lib64/libc.so.6(abort+0x148)[0x2aaaabeb0a78]
[node112:11938] [ 3] /cm/local/apps/gcc/6.3.0/lib64/libstdc++.so.6(_ZN9__gnu_cxx27__verbose_terminate_handlerEv+0x15d)[0x2aaaab4533bd]
[node112:11938] [ 4] /cm/local/apps/gcc/6.3.0/lib64/libstdc++.so.6(+0x8e386)[0x2aaaab451386]
[node112:11938] [ 5] /cm/local/apps/gcc/6.3.0/lib64/libstdc++.so.6(+0x8e3d1)[0x2aaaab4513d1]
[node112:11938] [ 6] /cm/local/apps/gcc/6.3.0/lib64/libstdc++.so.6(+0x8e5e9)[0x2aaaab4515e9]
[node112:11938] [ 7] /home/dbuurman/tUPL-to-MPI/tupl-kmeans-39f1073/support/../src/MPI_Kmeans[0x413015]
[node112:11938] [ 8] /home/dbuurman/tUPL-to-MPI/tupl-kmeans-39f1073/support/../src/MPI_Kmeans[0x41340c]
[node112:11938] [ 9] /home/dbuurman/tUPL-to-MPI/tupl-kmeans-39f1073/support/../src/MPI_Kmeans[0x40a792]
[node112:11938] [10] /home/dbuurman/tUPL-to-MPI/tupl-kmeans-39f1073/support/../src/MPI_Kmeans[0x411c93]
[node112:11938] [11] /home/dbuurman/tUPL-to-MPI/tupl-kmeans-39f1073/support/../src/MPI_Kmeans[0x40a5e7]
[node112:11938] [12] /lib64/libc.so.6(__libc_start_main+0xf5)[0x2aaaabe9b555]
[node112:11938] [13] /home/dbuurman/tUPL-to-MPI/tupl-kmeans-39f1073/support/../src/MPI_Kmeans[0x40a6af]
[node112:11938] *** End of error message ***
--------------------------------------------------------------------------
mpirun noticed that process rank 0 with PID 11938 on node node112 exited on signal 6 (Aborted).
--------------------------------------------------------------------------
ERR: job failed
