[5/64] Running on node112
[6/64] Running on node112
[7/64] Running on node112
DESC: dir=/var/scratch/dbuurman/kmeans/size_26/clusters_4/dimension_3/seed_971 numMeans=4 convergenceDelta=0.0001 thresholdMultiplier=0
[1/64] Running on node112
[4/64] Running on node112
[2/64] Running on node112
[8/64] Running on node112
[3/64] Running on node112
[39/64] Running on node116
[33/64] Running on node116
[37/64] Running on node116
[35/64] Running on node116
[17/64] Running on node114
[38/64] Running on node116
[19/64] Running on node114
[40/64] Running on node116
[21/64] Running on node114
[36/64] Running on node116
[22/64] Running on node114
[10/64] Running on node113
[34/64] Running on node116
[24/64] Running on node114
[18/64] Running on node114
[51/64] Running on node118
[20/64] Running on node114
[16/64] Running on node113
[56/64] Running on node118
[23/64] Running on node114
[11/64] Running on node113
[49/64] Running on node118
[12/64] Running on node113
[52/64] Running on node118
[13/64] Running on node113
[25/64] Running on node115
[50/64] Running on node118
[14/64] Running on node113
[53/64] Running on node118
[9/64] Running on node113
[29/64] Running on node115
[55/64] Running on node118
[15/64] Running on node113
[27/64] Running on node115
[54/64] Running on node118
[48/64] Running on node117
[26/64] Running on node115
[28/64] Running on node115
[43/64] Running on node117
[30/64] Running on node115
[60/64] Running on node119
[31/64] Running on node115
[62/64] Running on node119
[41/64] Running on node117
[32/64] Running on node115
[42/64] Running on node117
[59/64] Running on node119
[44/64] Running on node117
[61/64] Running on node119
[45/64] Running on node117
[63/64] Running on node119
[46/64] Running on node117
[64/64] Running on node119
[47/64] Running on node117
[57/64] Running on node119
[58/64] Running on node119

Reading file: /var/scratch/dbuurman/kmeans/size_26/clusters_4/dimension_3/seed_971/data.txt
Warning: data dimension lower than expected, not utulizing all allocated storage space.
EXP: readTime 35.7789 seconds
Detected 67108864 data points of dimension 3.


EXP 1: using seed 35fecd97
Stopping iterations due to convergence delta.
EXP 1: [1/64] calculationTime 0.805905 seconds
EXP 1: iterations 16
EXP 1: [6/64] calculationTime 0.805897 seconds
EXP 1: [2/64] calculationTime 0.8059 seconds
EXP 1: [7/64] calculationTime 0.805894 seconds
EXP 1: [4/64] calculationTime 0.805897 seconds
EXP 1: [8/64] calculationTime 0.805896 seconds
EXP 1: [3/64] calculationTime 0.805894 seconds
EXP 1: [5/64] calculationTime 0.805895 seconds
EXP 1: [54/64] calculationTime 0.805881 seconds
EXP 1: [10/64] calculationTime 0.80589 seconds
EXP 1: [56/64] calculationTime 0.805873 seconds
EXP 1: [44/64] calculationTime 0.805881 seconds
EXP 1: [18/64] calculationTime 0.805895 seconds
EXP 1: [15/64] calculationTime 0.805877 seconds
EXP 1: [63/64] calculationTime 0.805865 seconds
EXP 1: [52/64] calculationTime 0.805876 seconds
EXP 1: [38/64] calculationTime 0.805887 seconds
EXP 1: [45/64] calculationTime 0.805878 seconds
EXP 1: [14/64] calculationTime 0.805888 seconds
EXP 1: [32/64] calculationTime 0.805876 seconds
EXP 1: [58/64] calculationTime 0.805879 seconds
EXP 1: [49/64] calculationTime 0.805874 seconds
EXP 1: [34/64] calculationTime 0.805894 seconds
EXP 1: [46/64] calculationTime 0.805884 seconds
EXP 1: [16/64] calculationTime 0.805881 seconds
EXP 1: [27/64] calculationTime 0.805873 seconds
EXP 1: [64/64] calculationTime 0.805869 seconds
EXP 1: [50/64] calculationTime 0.805886 seconds
EXP 1: [39/64] calculationTime 0.805875 seconds
EXP 1: [47/64] calculationTime 0.805871 seconds
EXP 1: [19/64] calculationTime 0.80588 seconds
EXP 1: [11/64] calculationTime 0.805878 seconds
EXP 1: [29/64] calculationTime 0.805877 seconds
EXP 1: [57/64] calculationTime 0.805876 seconds
EXP 1: [55/64] calculationTime 0.805871 seconds
EXP 1: [36/64] calculationTime 0.805885 seconds
EXP 1: [43/64] calculationTime 0.805874 seconds
terminate called after throwing an instance of 'std::runtime_error'
  what():  Could not open output file for cluster centers.
[node112:11472] *** Process received signal ***
[node112:11472] Signal: Aborted (6)
[node112:11472] Signal code:  (-6)
EXP 1: [53/64] calculationTime 0.805876 seconds
EXP 1: [37/64] calculationTime 0.805879 seconds
EXP 1: [41/64] calculationTime 0.805886 seconds
EXP 1: [21/64] calculationTime 0.805883 seconds
EXP 1: [12/64] calculationTime 0.805885 seconds
EXP 1: [26/64] calculationTime 0.805885 seconds
EXP 1: [62/64] calculationTime 0.805875 seconds
[node112:11472] [ 0] /lib64/libpthread.so.0(+0xf630)[0x2aaaabc6c630]
[node112:11472] [ 1] /lib64/libc.so.6(gsignal+0x37)[0x2aaaabeaf387]
[node112:11472] [ 2] /lib64/libc.so.6(abort+0x148)[0x2aaaabeb0a78]
[node112:11472] [ 3] /cm/local/apps/gcc/6.3.0/lib64/libstdc++.so.6(_ZN9__gnu_cxx27__verbose_terminate_handlerEv+0x15d)[0x2aaaab4533bd]
[node112:11472] [ 4] /cm/local/apps/gcc/6.3.0/lib64/libstdc++.so.6(+0x8e386)[0x2aaaab451386]
[node112:11472] [ 5] /cm/local/apps/gcc/6.3.0/lib64/libstdc++.so.6(+0x8e3d1)[0x2aaaab4513d1]
[node112:11472] [ 6] /cm/local/apps/gcc/6.3.0/lib64/libstdc++.so.6(+0x8e5e9)[0x2aaaab4515e9]
[node112:11472] [ 7] /home/dbuurman/tUPL-to-MPI/tupl-kmeans-39f1073/support/../src/MPI_Kmeans[0x40ec02]
[node112:11472] [ 8] /home/dbuurman/tUPL-to-MPI/tupl-kmeans-39f1073/support/../src/MPI_Kmeans[0x4102d6]
[node112:11472] [ 9] /home/dbuurman/tUPL-to-MPI/tupl-kmeans-39f1073/support/../src/MPI_Kmeans[0x40a800]
[node112:11472] [10] /home/dbuurman/tUPL-to-MPI/tupl-kmeans-39f1073/support/../src/MPI_Kmeans[0x411c93]
[node112:11472] [11] /home/dbuurman/tUPL-to-MPI/tupl-kmeans-39f1073/support/../src/MPI_Kmeans[0x40a5e7]
[node112:11472] [12] EXP 1: [20/64] calculationTime 0.805888 seconds
EXP 1: [13/64] calculationTime 0.805883 seconds
EXP 1: [25/64] calculationTime 0.805883 seconds
EXP 1: [59/64] calculationTime 0.805867 seconds
EXP 1: [51/64] calculationTime 0.805873 seconds
EXP 1: [40/64] calculationTime 0.805883 seconds
EXP 1: [48/64] calculationTime 0.805877 seconds
/lib64/libc.so.6(__libc_start_main+0xf5)[0x2aaaabe9b555]
[node112:11472] [13] /home/dbuurman/tUPL-to-MPI/tupl-kmeans-39f1073/support/../src/MPI_Kmeans[0x40a6af]
[node112:11472] *** End of error message ***
EXP 1: [22/64] calculationTime 0.805889 seconds
EXP 1: [9/64] calculationTime 0.80589 seconds
EXP 1: [28/64] calculationTime 0.805881 seconds
EXP 1: [60/64] calculationTime 0.805873 seconds
EXP 1: [33/64] calculationTime 0.805881 seconds
EXP 1: [42/64] calculationTime 0.805884 seconds
EXP 1: [61/64] calculationTime 0.805871 seconds
EXP 1: [35/64] calculationTime 0.805879 seconds
EXP 1: [23/64] calculationTime 0.805879 seconds
EXP 1: [30/64] calculationTime 0.805881 seconds
EXP 1: [24/64] calculationTime 0.805882 seconds
EXP 1: [31/64] calculationTime 0.80587 seconds
EXP 1: [17/64] calculationTime 0.805883 seconds
--------------------------------------------------------------------------
mpirun noticed that process rank 0 with PID 11472 on node node112 exited on signal 6 (Aborted).
--------------------------------------------------------------------------
ERR: job failed
