[3/4] Running on node124
[4/4] Running on node124
DESC: dir=/var/scratch/dbuurman/kmeans/size_26/clusters_4/dimension_4/seed_971 numMeans=4 convergenceDelta=0.0001 thresholdMultiplier=0
[1/4] Running on node124
[2/4] Running on node124

Reading file: /var/scratch/dbuurman/kmeans/size_26/clusters_4/dimension_4/seed_971/data.txt
EXP: readTime 42.1105 seconds
Detected 67108864 data points of dimension 4.


EXP 1: using seed 4963ed2
Stopping iterations due to convergence delta.
EXP 1: [1/4] calculationTime 13.3741 seconds
EXP 1: iterations 27
EXP 1: [4/4] calculationTime 13.3741 seconds
EXP 1: [2/4] calculationTime 13.3741 seconds
EXP 1: [3/4] calculationTime 13.3741 seconds
EXP 1: writeTime 0.001073 seconds
EXP 2: using seed b09828d5
EXP 2: [2/4] calculationTime 16.4739 seconds
Stopping iterations due to convergence delta.
EXP 2: [1/4] calculationTime 16.4739 seconds
EXP 2: iterations 34
EXP 2: [3/4] calculationTime 16.4739 seconds
EXP 2: [4/4] calculationTime 16.4739 seconds
EXP 2: writeTime 0.001424 seconds
EXP 3: using seed abe5f17f
Stopping iterations due to convergence delta.
EXP 3: [1/4] calculationTime 14.0382 seconds
EXP 3: iterations 28
EXP 3: [4/4] calculationTime 14.0382 seconds
EXP 3: [3/4] calculationTime 14.0382 seconds
EXP 3: [2/4] calculationTime 14.0382 seconds
EXP 3: writeTime 0.000932999 seconds
EXP 4: using seed 95cb63d
Stopping iterations due to convergence delta.
EXP 4: [1/4] calculationTime 14.5117 seconds
EXP 4: iterations 29
EXP 4: [2/4] calculationTime 14.5117 seconds
EXP 4: [4/4] calculationTime 14.5117 seconds
EXP 4: [3/4] calculationTime 14.5117 seconds
EXP 4: writeTime 0.000949001 seconds
EXP 5: using seed aed5d05a
Stopping iterations due to convergence delta.
EXP 5: [1/4] calculationTime 12.7132 seconds
EXP 5: iterations 27
EXP 5: [3/4] calculationTime 12.7132 seconds
EXP 5: [2/4] calculationTime 12.7132 seconds
EXP 5: [4/4] calculationTime 12.7132 seconds
EXP 5: writeTime 0.001041 seconds
EXP: [3/4] fullTime 113.99 seconds
EXP: [2/4] fullTime 113.99 seconds
EXP: [4/4] fullTime 113.99 seconds
EXP: [1/4] fullTime 113.991 seconds

OK 1: result matches reference
OK 2: result matches reference
OK 3: result matches reference
OK 4: result matches reference
OK 5: result matches reference
