[6/12] Running on node102
[2/12] Running on node102
[4/12] Running on node102
DESC: dir=/var/scratch/dbuurman/kmeans/size_26/clusters_4/dimension_4/seed_971 numMeans=4 convergenceDelta=0.0001 thresholdMultiplier=0
[1/12] Running on node102
[3/12] Running on node102
[5/12] Running on node102
[8/12] Running on node103
[9/12] Running on node103
[7/12] Running on node103
[10/12] Running on node103
[11/12] Running on node103
[12/12] Running on node103

Reading file: /var/scratch/dbuurman/kmeans/size_26/clusters_4/dimension_4/seed_971/data.txt
EXP: readTime 44.329 seconds
Detected 67108864 data points of dimension 4.


EXP 1: using seed 31cd0899
Stopping iterations due to convergence delta.
EXP 1: [1/12] calculationTime 1.50308 seconds
EXP 1: iterations 7
EXP 1: [4/12] calculationTime 1.50305 seconds
EXP 1: [6/12] calculationTime 1.50304 seconds
EXP 1: [5/12] calculationTime 1.50304 seconds
EXP 1: [2/12] calculationTime 1.50305 seconds
EXP 1: [3/12] calculationTime 1.50305 seconds
EXP 1: [8/12] calculationTime 1.50305 seconds
EXP 1: [7/12] calculationTime 1.50306 seconds
EXP 1: [10/12] calculationTime 1.50304 seconds
EXP 1: [11/12] calculationTime 1.50305 seconds
EXP 1: [12/12] calculationTime 1.50305 seconds
EXP 1: [9/12] calculationTime 1.50305 seconds
EXP 1: writeTime 0.000939 seconds
EXP 2: using seed d288d204
EXP 2: [3/12] calculationTime 4.44647 seconds
EXP 2: [4/12] calculationTime 4.44648 seconds
EXP 2: [6/12] calculationTime 4.44647 seconds
EXP 2: [5/12] calculationTime 4.44647 seconds
EXP 2: [2/12] calculationTime 4.44648 seconds
Stopping iterations due to convergence delta.
EXP 2: [1/12] calculationTime 4.4465 seconds
EXP 2: iterations 27
EXP 2: [11/12] calculationTime 4.44647 seconds
EXP 2: [8/12] calculationTime 4.44648 seconds
EXP 2: [7/12] calculationTime 4.44647 seconds
EXP 2: [10/12] calculationTime 4.44647 seconds
EXP 2: [9/12] calculationTime 4.44647 seconds
EXP 2: [12/12] calculationTime 4.44648 seconds
EXP 2: writeTime 0.000868 seconds
EXP 3: using seed 12e29090
EXP 3: [2/12] calculationTime 2.01355 seconds
EXP 3: [3/12] calculationTime 2.01353 seconds
EXP 3: [4/12] calculationTime 2.01355 seconds
EXP 3: [6/12] calculationTime 2.01355 seconds
EXP 3: [5/12] calculationTime 2.01354 seconds
Stopping iterations due to convergence delta.
EXP 3: [1/12] calculationTime 2.01358 seconds
EXP 3: iterations 10
EXP 3: [10/12] calculationTime 2.01355 seconds
EXP 3: [11/12] calculationTime 2.01354 seconds
EXP 3: [8/12] calculationTime 2.01355 seconds
EXP 3: [7/12] calculationTime 2.01354 seconds
EXP 3: [12/12] calculationTime 2.01355 seconds
EXP 3: [9/12] calculationTime 2.01354 seconds
EXP 3: writeTime 0.000879 seconds
EXP 4: using seed 7ab03ea3
EXP 4: [3/12] calculationTime 1.91473 seconds
EXP 4: [4/12] calculationTime 1.91477 seconds
EXP 4: [6/12] calculationTime 1.91476 seconds
Stopping iterations due to convergence delta.
EXP 4: [1/12] calculationTime 1.91474 seconds
EXP 4: iterations 9
EXP 4: [5/12] calculationTime 1.91471 seconds
EXP 4: [2/12] calculationTime 1.91476 seconds
EXP 4: [9/12] calculationTime 1.91472 seconds
EXP 4: [12/12] calculationTime 1.91477 seconds
EXP 4: [7/12] calculationTime 1.91473 seconds
EXP 4: [10/12] calculationTime 1.91476 seconds
EXP 4: [11/12] calculationTime 1.91473 seconds
EXP 4: [8/12] calculationTime 1.91477 seconds
EXP 4: writeTime 0.000791 seconds
EXP 5: using seed 3b8d02ae
EXP 5: [2/12] calculationTime 3.51471 seconds
EXP 5: [5/12] calculationTime 3.51471 seconds
EXP 5: [6/12] calculationTime 3.51471 seconds
EXP 5: [3/12] calculationTime 3.51471 seconds
EXP 5: [4/12] calculationTime 3.51471 seconds
Stopping iterations due to convergence delta.
EXP 5: [1/12] calculationTime 3.51473 seconds
EXP 5: iterations 20
EXP 5: [7/12] calculationTime 3.51471 seconds
EXP 5: [10/12] calculationTime 3.51471 seconds
EXP 5: [11/12] calculationTime 3.51472 seconds
EXP 5: [8/12] calculationTime 3.51471 seconds
EXP 5: [9/12] calculationTime 3.51471 seconds
EXP 5: [12/12] calculationTime 3.51471 seconds
EXP: [4/12] fullTime 60.7989 seconds
EXP: [3/12] fullTime 60.7989 seconds
EXP: [5/12] fullTime 60.7989 seconds
EXP: [10/12] fullTime 60.7985 seconds
EXP: [8/12] fullTime 60.7986 seconds
EXP: [2/12] fullTime 60.7992 seconds
EXP: [6/12] fullTime 60.7992 seconds
EXP: [12/12] fullTime 60.7986 seconds
EXP: [9/12] fullTime 60.7986 seconds
EXP: [11/12] fullTime 60.7987 seconds
EXP: [7/12] fullTime 60.7988 seconds
EXP 5: writeTime 0.001599 seconds
EXP: [1/12] fullTime 60.8006 seconds

OK 1: result matches reference
OK 2: result matches reference
OK 3: result matches reference
OK 4: result matches reference
OK 5: result matches reference
