[2/8] Running on node101
[3/8] Running on node101
[4/8] Running on node101
[5/8] Running on node101
[6/8] Running on node101
[7/8] Running on node101
[8/8] Running on node101
DESC: dir=/var/scratch/dbuurman/kmeans/size_26/clusters_4/dimension_4/seed_971 numMeans=4 convergenceDelta=0.0001 thresholdMultiplier=0
[1/8] Running on node101

Reading file: /var/scratch/dbuurman/kmeans/size_26/clusters_4/dimension_4/seed_971/data.txt
EXP: readTime 46.3101 seconds
Detected 67108864 data points of dimension 4.


EXP 1: using seed 279229f9
EXP 1: [3/8] calculationTime 8.36639 seconds
EXP 1: [4/8] calculationTime 8.36639 seconds
EXP 1: [5/8] calculationTime 8.36639 seconds
EXP 1: [6/8] calculationTime 8.36639 seconds
EXP 1: [7/8] calculationTime 8.36639 seconds
Stopping iterations due to convergence delta.
EXP 1: [1/8] calculationTime 8.36641 seconds
EXP 1: iterations 28
EXP 1: [8/8] calculationTime 8.36639 seconds
EXP 1: [2/8] calculationTime 8.36639 seconds
EXP 1: writeTime 0.000869 seconds
EXP 2: using seed 2d226d8f
EXP 2: [3/8] calculationTime 7.36258 seconds
EXP 2: [4/8] calculationTime 7.36257 seconds
EXP 2: [5/8] calculationTime 7.36258 seconds
EXP 2: [6/8] calculationTime 7.36257 seconds
Stopping iterations due to convergence delta.
EXP 2: [1/8] calculationTime 7.36261 seconds
EXP 2: iterations 24
EXP 2: [2/8] calculationTime 7.36258 seconds
EXP 2: [8/8] calculationTime 7.36257 seconds
EXP 2: [7/8] calculationTime 7.36258 seconds
EXP 2: writeTime 0.001134 seconds
EXP 3: using seed a3c2f55b
Stopping iterations due to convergence delta.
EXP 3: [1/8] calculationTime 6.85828 seconds
EXP 3: iterations 22
EXP 3: [7/8] calculationTime 6.85826 seconds
EXP 3: [2/8] calculationTime 6.85826 seconds
EXP 3: [8/8] calculationTime 6.85826 seconds
EXP 3: [6/8] calculationTime 6.85826 seconds
EXP 3: [3/8] calculationTime 6.85826 seconds
EXP 3: [4/8] calculationTime 6.85826 seconds
EXP 3: [5/8] calculationTime 6.85826 seconds
EXP 3: writeTime 0.000876 seconds
EXP 4: using seed ff8f1fe2
Stopping iterations due to convergence delta.
EXP 4: [1/8] calculationTime 8.13441 seconds
EXP 4: iterations 27
EXP 4: [5/8] calculationTime 8.13438 seconds
EXP 4: [7/8] calculationTime 8.13439 seconds
EXP 4: [2/8] calculationTime 8.1344 seconds
EXP 4: [8/8] calculationTime 8.13441 seconds
EXP 4: [6/8] calculationTime 8.1344 seconds
EXP 4: [3/8] calculationTime 8.13439 seconds
EXP 4: [4/8] calculationTime 8.13441 seconds
EXP 4: writeTime 0.000859 seconds
EXP 5: using seed ccf925ef
Stopping iterations due to convergence delta.
EXP 5: [1/8] calculationTime 8.16632 seconds
EXP 5: iterations 25
EXP 5: [4/8] calculationTime 8.16629 seconds
EXP 5: [5/8] calculationTime 8.1663 seconds
EXP 5: [7/8] calculationTime 8.1663 seconds
EXP 5: [2/8] calculationTime 8.16629 seconds
EXP 5: [8/8] calculationTime 8.16629 seconds
EXP 5: [6/8] calculationTime 8.16629 seconds
EXP 5: [3/8] calculationTime 8.1663 seconds
EXP: [5/8] fullTime 86.2627 seconds
EXP: [7/8] fullTime 86.2627 seconds
EXP: [3/8] fullTime 86.2629 seconds
EXP: [8/8] fullTime 86.2628 seconds
EXP: [6/8] fullTime 86.2628 seconds
EXP: [4/8] fullTime 86.2629 seconds
EXP: [2/8] fullTime 86.263 seconds
EXP 5: writeTime 0.001743 seconds
EXP: [1/8] fullTime 86.2642 seconds

OK 1: result matches reference
OK 2: result matches reference
OK 3: result matches reference
OK 4: result matches reference
OK 5: result matches reference
