DESC: dir=/var/scratch/dbuurman/kmeans/size_26/clusters_4/dimension_4/seed_971 numMeans=4 convergenceDelta=0.0001 thresholdMultiplier=0
[2/2] Running on node110
[1/2] Running on node110

Reading file: /var/scratch/dbuurman/kmeans/size_26/clusters_4/dimension_4/seed_971/data.txt
EXP: readTime 41.785 seconds
Detected 67108864 data points of dimension 4.


EXP 1: using seed 90c9ec77
Stopping iterations due to convergence delta.
EXP 1: [1/2] calculationTime 26.0996 seconds
EXP 1: iterations 29
EXP 1: [2/2] calculationTime 26.0996 seconds
EXP 1: writeTime 0.001274 seconds
EXP 2: using seed dd859f5d
EXP 2: [2/2] calculationTime 23.0157 seconds
Stopping iterations due to convergence delta.
EXP 2: [1/2] calculationTime 23.0158 seconds
EXP 2: iterations 25
EXP 2: writeTime 0.000739999 seconds
EXP 3: using seed 36ab975d
Stopping iterations due to convergence delta.
EXP 3: [1/2] calculationTime 25.5772 seconds
EXP 3: iterations 28
EXP 3: [2/2] calculationTime 25.5772 seconds
EXP 3: writeTime 0.000898002 seconds
EXP 4: using seed 861454be
EXP 4: [2/2] calculationTime 40.0492 seconds
Stopping iterations due to convergence delta.
EXP 4: [1/2] calculationTime 40.0493 seconds
EXP 4: iterations 44
EXP 4: writeTime 0.001311 seconds
EXP 5: using seed 66a0b175
Stopping iterations due to convergence delta.
EXP 5: [1/2] calculationTime 29.9854 seconds
EXP 5: iterations 33
EXP 5: [2/2] calculationTime 29.9853 seconds
EXP: [2/2] fullTime 187.599 seconds
EXP 5: writeTime 0.003695 seconds
EXP: [1/2] fullTime 187.603 seconds

OK 1: result matches reference
OK 2: result matches reference
OK 3: result matches reference
OK 4: result matches reference
OK 5: result matches reference
