[3/16] Running on node104
DESC: dir=/var/scratch/dbuurman/kmeans/size_26/clusters_4/dimension_4/seed_971 numMeans=4 convergenceDelta=0.0001 thresholdMultiplier=0
[1/16] Running on node104
[4/16] Running on node104
[5/16] Running on node104
[6/16] Running on node104
[7/16] Running on node104
[8/16] Running on node104
[2/16] Running on node104
[11/16] Running on node105
[10/16] Running on node105
[12/16] Running on node105
[13/16] Running on node105
[14/16] Running on node105
[15/16] Running on node105
[16/16] Running on node105
[9/16] Running on node105

Reading file: /var/scratch/dbuurman/kmeans/size_26/clusters_4/dimension_4/seed_971/data.txt
EXP: readTime 46.4304 seconds
Detected 67108864 data points of dimension 4.


EXP 1: using seed cc3fbc2c
Stopping iterations due to convergence delta.
EXP 1: [1/16] calculationTime 1.37088 seconds
EXP 1: iterations 8
EXP 1: [3/16] calculationTime 1.37085 seconds
EXP 1: [8/16] calculationTime 1.37087 seconds
EXP 1: [2/16] calculationTime 1.37086 seconds
EXP 1: [4/16] calculationTime 1.37086 seconds
EXP 1: [5/16] calculationTime 1.37085 seconds
EXP 1: [6/16] calculationTime 1.37086 seconds
EXP 1: [7/16] calculationTime 1.37085 seconds
EXP 1: [12/16] calculationTime 1.37087 seconds
EXP 1: [13/16] calculationTime 1.37086 seconds
EXP 1: [14/16] calculationTime 1.37087 seconds
EXP 1: [15/16] calculationTime 1.37087 seconds
EXP 1: [9/16] calculationTime 1.37087 seconds
EXP 1: [16/16] calculationTime 1.37088 seconds
EXP 1: [11/16] calculationTime 1.37086 seconds
EXP 1: [10/16] calculationTime 1.37087 seconds
EXP 1: writeTime 0.000931 seconds
EXP 2: using seed 5d725ad9
EXP 2: [4/16] calculationTime 1.35674 seconds
EXP 2: [5/16] calculationTime 1.35673 seconds
EXP 2: [6/16] calculationTime 1.35674 seconds
Stopping iterations due to convergence delta.
EXP 2: [1/16] calculationTime 1.35676 seconds
EXP 2: iterations 8
EXP 2: [7/16] calculationTime 1.35673 seconds
EXP 2: [3/16] calculationTime 1.35673 seconds
EXP 2: [8/16] calculationTime 1.35674 seconds
EXP 2: [2/16] calculationTime 1.35673 seconds
EXP 2: [10/16] calculationTime 1.35674 seconds
EXP 2: [9/16] calculationTime 1.35675 seconds
EXP 2: [16/16] calculationTime 1.35674 seconds
EXP 2: [11/16] calculationTime 1.35675 seconds
EXP 2: [15/16] calculationTime 1.35674 seconds
EXP 2: [12/16] calculationTime 1.35675 seconds
EXP 2: [13/16] calculationTime 1.35674 seconds
EXP 2: [14/16] calculationTime 1.35674 seconds
EXP 2: writeTime 0.000846 seconds
EXP 3: using seed bb2d9e35
EXP 3: [6/16] calculationTime 4.91254 seconds
EXP 3: [4/16] calculationTime 4.91254 seconds
EXP 3: [5/16] calculationTime 4.91254 seconds
Stopping iterations due to convergence delta.
EXP 3: [1/16] calculationTime 4.91257 seconds
EXP 3: iterations 37
EXP 3: [2/16] calculationTime 4.91254 seconds
EXP 3: [7/16] calculationTime 4.91254 seconds
EXP 3: [3/16] calculationTime 4.91254 seconds
EXP 3: [8/16] calculationTime 4.91254 seconds
EXP 3: [11/16] calculationTime 4.91254 seconds
EXP 3: [15/16] calculationTime 4.91254 seconds
EXP 3: [12/16] calculationTime 4.91254 seconds
EXP 3: [13/16] calculationTime 4.91254 seconds
EXP 3: [14/16] calculationTime 4.91254 seconds
EXP 3: [10/16] calculationTime 4.91254 seconds
EXP 3: [9/16] calculationTime 4.91254 seconds
EXP 3: [16/16] calculationTime 4.91254 seconds
EXP 3: writeTime 0.000962 seconds
EXP 4: using seed 322fec95
EXP 4: [2/16] calculationTime 3.73533 seconds
EXP 4: [7/16] calculationTime 3.73536 seconds
EXP 4: [3/16] calculationTime 3.73536 seconds
EXP 4: [5/16] calculationTime 3.73536 seconds
EXP 4: [6/16] calculationTime 3.73537 seconds
EXP 4: [4/16] calculationTime 3.73533 seconds
Stopping iterations due to convergence delta.
EXP 4: [1/16] calculationTime 3.73539 seconds
EXP 4: iterations 28
EXP 4: [8/16] calculationTime 3.73533 seconds
EXP 4: [16/16] calculationTime 3.73533 seconds
EXP 4: [14/16] calculationTime 3.73537 seconds
EXP 4: [10/16] calculationTime 3.73533 seconds
EXP 4: [9/16] calculationTime 3.73536 seconds
EXP 4: [13/16] calculationTime 3.73536 seconds
EXP 4: [11/16] calculationTime 3.73536 seconds
EXP 4: [15/16] calculationTime 3.73536 seconds
EXP 4: [12/16] calculationTime 3.73533 seconds
EXP 4: writeTime 0.001525 seconds
EXP 5: using seed bc32dc96
Stopping iterations due to convergence delta.
EXP 5: [1/16] calculationTime 3.4036 seconds
EXP 5: iterations 25
EXP 5: [8/16] calculationTime 3.40358 seconds
EXP 5: [4/16] calculationTime 3.40358 seconds
EXP 5: [2/16] calculationTime 3.40357 seconds
EXP 5: [7/16] calculationTime 3.40357 seconds
EXP 5: [3/16] calculationTime 3.40357 seconds
EXP 5: [5/16] calculationTime 3.40357 seconds
EXP 5: [6/16] calculationTime 3.40357 seconds
EXP 5: [16/16] calculationTime 3.40358 seconds
EXP 5: [14/16] calculationTime 3.40358 seconds
EXP 5: [10/16] calculationTime 3.40357 seconds
EXP 5: [9/16] calculationTime 3.40357 seconds
EXP: [7/16] fullTime 63.9778 seconds
EXP: [3/16] fullTime 63.9779 seconds
EXP: [5/16] fullTime 63.9778 seconds
EXP 5: [13/16] calculationTime 3.40357 seconds
EXP: [8/16] fullTime 63.9778 seconds
EXP: [4/16] fullTime 63.9779 seconds
EXP: [6/16] fullTime 63.9779 seconds
EXP 5: [11/16] calculationTime 3.40357 seconds
EXP: [2/16] fullTime 63.9778 seconds
EXP 5: [15/16] calculationTime 3.40357 seconds
EXP 5: [12/16] calculationTime 3.40358 seconds
EXP 5: writeTime 0.000985 seconds
EXP: [15/16] fullTime 63.9771 seconds
EXP: [13/16] fullTime 63.9771 seconds
EXP: [12/16] fullTime 63.9771 seconds
EXP: [14/16] fullTime 63.9771 seconds
EXP: [10/16] fullTime 63.9771 seconds
EXP: [9/16] fullTime 63.9771 seconds
EXP: [11/16] fullTime 63.9772 seconds
EXP: [16/16] fullTime 63.9771 seconds
EXP: [1/16] fullTime 63.9787 seconds

OK 1: result matches reference
OK 2: result matches reference
OK 3: result matches reference
OK 4: result matches reference
OK 5: result matches reference
