[5/12] Running on node102
[2/12] Running on node102
[6/12] Running on node102
[3/12] Running on node102
[4/12] Running on node102
DESC: dir=/var/scratch/dbuurman/kmeans/size_26/clusters_4/dimension_4/seed_971 numMeans=4 convergenceDelta=0.0001 thresholdMultiplier=0
[1/12] Running on node102
[11/12] Running on node103
[8/12] Running on node103
[7/12] Running on node103
[12/12] Running on node103
[9/12] Running on node103
[10/12] Running on node103

Reading file: /var/scratch/dbuurman/kmeans/size_26/clusters_4/dimension_4/seed_971/data.txt
EXP: readTime 44.0589 seconds
Detected 67108864 data points of dimension 4.


EXP 1: using seed 4975b0f1
Stopping iterations due to convergence delta.
EXP 1: [1/12] calculationTime 5.4822 seconds
EXP 1: iterations 25
EXP 1: [4/12] calculationTime 5.48216 seconds
EXP 1: [5/12] calculationTime 5.48217 seconds
EXP 1: [6/12] calculationTime 5.48218 seconds
EXP 1: [3/12] calculationTime 5.48215 seconds
EXP 1: [2/12] calculationTime 5.48218 seconds
EXP 1: [12/12] calculationTime 5.48218 seconds
EXP 1: [9/12] calculationTime 5.48216 seconds
EXP 1: [7/12] calculationTime 5.48216 seconds
EXP 1: [10/12] calculationTime 5.48218 seconds
EXP 1: [8/12] calculationTime 5.48217 seconds
EXP 1: [11/12] calculationTime 5.48216 seconds
EXP 1: writeTime 0.000995 seconds
EXP 2: using seed 80a27e49
EXP 2: [5/12] calculationTime 5.03438 seconds
EXP 2: [6/12] calculationTime 5.03439 seconds
EXP 2: [3/12] calculationTime 5.03438 seconds
Stopping iterations due to convergence delta.
EXP 2: [1/12] calculationTime 5.03443 seconds
EXP 2: iterations 25
EXP 2: [2/12] calculationTime 5.03439 seconds
EXP 2: [4/12] calculationTime 5.03439 seconds
EXP 2: [9/12] calculationTime 5.03438 seconds
EXP 2: [11/12] calculationTime 5.03438 seconds
EXP 2: [10/12] calculationTime 5.03439 seconds
EXP 2: [8/12] calculationTime 5.03439 seconds
EXP 2: [7/12] calculationTime 5.03438 seconds
EXP 2: [12/12] calculationTime 5.03439 seconds
EXP 2: writeTime 0.000837 seconds
EXP 3: using seed 2580ebea
EXP 3: [5/12] calculationTime 1.98677 seconds
EXP 3: [6/12] calculationTime 1.98679 seconds
Stopping iterations due to convergence delta.
EXP 3: [1/12] calculationTime 1.9868 seconds
EXP 3: iterations 8
EXP 3: [4/12] calculationTime 1.98678 seconds
EXP 3: [2/12] calculationTime 1.98678 seconds
EXP 3: [3/12] calculationTime 1.98677 seconds
EXP 3: [12/12] calculationTime 1.98679 seconds
EXP 3: [11/12] calculationTime 1.98679 seconds
EXP 3: [10/12] calculationTime 1.98679 seconds
EXP 3: [8/12] calculationTime 1.98678 seconds
EXP 3: [7/12] calculationTime 1.98678 seconds
EXP 3: [9/12] calculationTime 1.98677 seconds
EXP 3: writeTime 0.000866 seconds
EXP 4: using seed 30977e31
Stopping iterations due to convergence delta.
EXP 4: [1/12] calculationTime 2.1666 seconds
EXP 4: iterations 9
EXP 4: [3/12] calculationTime 2.16656 seconds
EXP 4: [4/12] calculationTime 2.16657 seconds
EXP 4: [2/12] calculationTime 2.16657 seconds
EXP 4: [6/12] calculationTime 2.16657 seconds
EXP 4: [5/12] calculationTime 2.16657 seconds
EXP 4: [7/12] calculationTime 2.16657 seconds
EXP 4: [9/12] calculationTime 2.16657 seconds
EXP 4: [12/12] calculationTime 2.16657 seconds
EXP 4: [11/12] calculationTime 2.16657 seconds
EXP 4: [10/12] calculationTime 2.16657 seconds
EXP 4: [8/12] calculationTime 2.16657 seconds
EXP 4: writeTime 0.001332 seconds
EXP 5: using seed 20070e23
EXP 5: [6/12] calculationTime 1.94917 seconds
Stopping iterations due to convergence delta.
EXP 5: [1/12] calculationTime 1.94918 seconds
EXP 5: iterations 8
EXP 5: [5/12] calculationTime 1.94915 seconds
EXP 5: [3/12] calculationTime 1.94915 seconds
EXP 5: [4/12] calculationTime 1.94916 seconds
EXP 5: [2/12] calculationTime 1.94917 seconds
EXP 5: [11/12] calculationTime 1.94915 seconds
EXP 5: [10/12] calculationTime 1.94917 seconds
EXP 5: [7/12] calculationTime 1.94915 seconds
EXP 5: [8/12] calculationTime 1.94917 seconds
EXP 5: [9/12] calculationTime 1.94915 seconds
EXP 5: [12/12] calculationTime 1.94917 seconds
EXP: [2/12] fullTime 63.7475 seconds
EXP: [3/12] fullTime 63.7474 seconds
EXP: [4/12] fullTime 63.7474 seconds
EXP: [5/12] fullTime 63.7476 seconds
EXP: [6/12] fullTime 63.7476 seconds
EXP: [12/12] fullTime 63.7471 seconds
EXP: [8/12] fullTime 63.7471 seconds
EXP: [9/12] fullTime 63.7471 seconds
EXP 5: writeTime 0.001121 seconds
EXP: [10/12] fullTime 63.7471 seconds
EXP: [11/12] fullTime 63.7474 seconds
EXP: [7/12] fullTime 63.7473 seconds
EXP: [1/12] fullTime 63.7484 seconds

OK 1: result matches reference
OK 2: result matches reference
OK 3: result matches reference
OK 4: result matches reference
OK 5: result matches reference
