[2/12] Running on node102
[4/12] Running on node102
[11/12] Running on node103
DESC: dir=/var/scratch/dbuurman/kmeans/size_26/clusters_4/dimension_4/seed_971 numMeans=4 convergenceDelta=0.0001 thresholdMultiplier=0
[3/12] Running on node102
[5/12] Running on node102
[6/12] Running on node102
[1/12] Running on node102
[8/12] Running on node103
[9/12] Running on node103
[10/12] Running on node103
[12/12] Running on node103
[7/12] Running on node103

Reading file: /var/scratch/dbuurman/kmeans/size_26/clusters_4/dimension_4/seed_971/data.txt
EXP: readTime 44.4301 seconds
Detected 67108864 data points of dimension 4.


EXP 1: using seed 8274260d
EXP 1: [6/12] calculationTime 5.36021 seconds
EXP 1: [2/12] calculationTime 5.36022 seconds
EXP 1: [3/12] calculationTime 5.36023 seconds
EXP 1: [5/12] calculationTime 5.36022 seconds
Stopping iterations due to convergence delta.
EXP 1: [1/12] calculationTime 5.36026 seconds
EXP 1: iterations 30
EXP 1: [4/12] calculationTime 5.36022 seconds
EXP 1: [10/12] calculationTime 5.36022 seconds
EXP 1: [7/12] calculationTime 5.36024 seconds
EXP 1: [12/12] calculationTime 5.36023 seconds
EXP 1: [11/12] calculationTime 5.36023 seconds
EXP 1: [8/12] calculationTime 5.36023 seconds
EXP 1: [9/12] calculationTime 5.36023 seconds
EXP 1: writeTime 0.000861 seconds
EXP 2: using seed 99b27e7b
Stopping iterations due to convergence delta.
EXP 2: [1/12] calculationTime 4.48152 seconds
EXP 2: iterations 26
EXP 2: [4/12] calculationTime 4.48772 seconds
EXP 2: [5/12] calculationTime 4.48149 seconds
EXP 2: [6/12] calculationTime 4.48771 seconds
EXP 2: [2/12] calculationTime 4.48772 seconds
EXP 2: [3/12] calculationTime 4.48771 seconds
EXP 2: [11/12] calculationTime 4.48771 seconds
EXP 2: [8/12] calculationTime 4.48772 seconds
EXP 2: [10/12] calculationTime 4.48772 seconds
EXP 2: [9/12] calculationTime 4.48149 seconds
EXP 2: [7/12] calculationTime 4.48771 seconds
EXP 2: [12/12] calculationTime 4.48772 seconds
EXP 2: writeTime 0.000786 seconds
EXP 3: using seed 7232f4c2
Stopping iterations due to convergence delta.
EXP 3: [1/12] calculationTime 5.01746 seconds
EXP 3: iterations 28
EXP 3: [3/12] calculationTime 5.01743 seconds
EXP 3: [4/12] calculationTime 5.01748 seconds
EXP 3: [5/12] calculationTime 5.01741 seconds
EXP 3: [6/12] calculationTime 5.01747 seconds
EXP 3: [2/12] calculationTime 5.01747 seconds
EXP 3: [8/12] calculationTime 5.01748 seconds
EXP 3: [12/12] calculationTime 5.01747 seconds
EXP 3: [9/12] calculationTime 5.01742 seconds
EXP 3: [7/12] calculationTime 5.01743 seconds
EXP 3: [10/12] calculationTime 5.01747 seconds
EXP 3: [11/12] calculationTime 5.01742 seconds
EXP 3: writeTime 0.001449 seconds
EXP 4: using seed 234dea5f
EXP 4: [6/12] calculationTime 5.31417 seconds
Stopping iterations due to convergence delta.
EXP 4: [1/12] calculationTime 5.31419 seconds
EXP 4: iterations 29
EXP 4: [2/12] calculationTime 5.31417 seconds
EXP 4: [3/12] calculationTime 5.31416 seconds
EXP 4: [4/12] calculationTime 5.31418 seconds
EXP 4: [5/12] calculationTime 5.31416 seconds
EXP 4: [8/12] calculationTime 5.31418 seconds
EXP 4: [11/12] calculationTime 5.31416 seconds
EXP 4: [12/12] calculationTime 5.31418 seconds
EXP 4: [9/12] calculationTime 5.31416 seconds
EXP 4: [7/12] calculationTime 5.31416 seconds
EXP 4: [10/12] calculationTime 5.31417 seconds
EXP 4: writeTime 0.000912 seconds
EXP 5: using seed 396425bd
EXP 5: [2/12] calculationTime 4.43009 seconds
EXP 5: [3/12] calculationTime 4.43009 seconds
EXP 5: [4/12] calculationTime 4.4301 seconds
EXP 5: [6/12] calculationTime 4.43009 seconds
Stopping iterations due to convergence delta.
EXP 5: [1/12] calculationTime 4.43012 seconds
EXP 5: iterations 25
EXP 5: [5/12] calculationTime 4.43008 seconds
EXP 5: [10/12] calculationTime 4.43009 seconds
EXP 5: [11/12] calculationTime 4.43009 seconds
EXP 5: [12/12] calculationTime 4.4301 seconds
EXP 5: [9/12] calculationTime 4.43009 seconds
EXP 5: [7/12] calculationTime 4.43009 seconds
EXP 5: [8/12] calculationTime 4.4301 seconds
EXP: [9/12] fullTime 69.9917 seconds
EXP: [11/12] fullTime 69.9921 seconds
EXP: [3/12] fullTime 69.9924 seconds
EXP: [5/12] fullTime 69.9925 seconds
EXP: [12/12] fullTime 69.9919 seconds
EXP: [6/12] fullTime 69.9925 seconds
EXP: [2/12] fullTime 69.9927 seconds
EXP: [4/12] fullTime 69.9926 seconds
EXP: [8/12] fullTime 69.992 seconds
EXP: [10/12] fullTime 69.9919 seconds
EXP: [7/12] fullTime 69.992 seconds
EXP 5: writeTime 0.001499 seconds
EXP: [1/12] fullTime 69.9936 seconds

OK 1: result matches reference
OK 2: result matches reference
OK 3: result matches reference
OK 4: result matches reference
OK 5: result matches reference
