[8/8] Running on node101
[6/8] Running on node101
[3/8] Running on node101
[4/8] Running on node101
[7/8] Running on node101
DESC: dir=/var/scratch/dbuurman/kmeans/size_26/clusters_4/dimension_4/seed_971 numMeans=4 convergenceDelta=0.0001 thresholdMultiplier=0
[1/8] Running on node101
[2/8] Running on node101
[5/8] Running on node101

Reading file: /var/scratch/dbuurman/kmeans/size_26/clusters_4/dimension_4/seed_971/data.txt
EXP: readTime 46.3545 seconds
Detected 67108864 data points of dimension 4.


EXP 1: using seed 98c195c4
Stopping iterations due to convergence delta.
EXP 1: [1/8] calculationTime 2.42118 seconds
EXP 1: iterations 7
EXP 1: [7/8] calculationTime 2.42116 seconds
EXP 1: [5/8] calculationTime 2.42116 seconds
EXP 1: [6/8] calculationTime 2.42116 seconds
EXP 1: [3/8] calculationTime 2.42116 seconds
EXP 1: [2/8] calculationTime 2.42116 seconds
EXP 1: [8/8] calculationTime 2.42116 seconds
EXP 1: [4/8] calculationTime 2.42116 seconds
EXP 1: writeTime 0.000787 seconds
EXP 2: using seed ffc56f79
Stopping iterations due to convergence delta.
EXP 2: [1/8] calculationTime 2.77352 seconds
EXP 2: iterations 8
EXP 2: [4/8] calculationTime 2.7735 seconds
EXP 2: [7/8] calculationTime 2.7735 seconds
EXP 2: [5/8] calculationTime 2.7735 seconds
EXP 2: [6/8] calculationTime 2.7735 seconds
EXP 2: [3/8] calculationTime 2.7735 seconds
EXP 2: [2/8] calculationTime 2.7735 seconds
EXP 2: [8/8] calculationTime 2.7735 seconds
EXP 2: writeTime 0.000796 seconds
EXP 3: using seed 2a13506a
EXP 3: [7/8] calculationTime 6.90775 seconds
EXP 3: [5/8] calculationTime 6.90775 seconds
EXP 3: [6/8] calculationTime 6.90775 seconds
EXP 3: [3/8] calculationTime 6.90775 seconds
EXP 3: [2/8] calculationTime 6.90775 seconds
Stopping iterations due to convergence delta.
EXP 3: [1/8] calculationTime 6.90778 seconds
EXP 3: iterations 26
EXP 3: [8/8] calculationTime 6.90775 seconds
EXP 3: [4/8] calculationTime 6.90775 seconds
EXP 3: writeTime 0.000698 seconds
EXP 4: using seed b56149bf
EXP 4: [5/8] calculationTime 4.35922 seconds
EXP 4: [6/8] calculationTime 4.35922 seconds
EXP 4: [3/8] calculationTime 4.35922 seconds
Stopping iterations due to convergence delta.
EXP 4: [1/8] calculationTime 4.35924 seconds
EXP 4: iterations 16
EXP 4: [4/8] calculationTime 4.35922 seconds
EXP 4: [8/8] calculationTime 4.35922 seconds
EXP 4: [2/8] calculationTime 4.35922 seconds
EXP 4: [7/8] calculationTime 4.35922 seconds
EXP 4: writeTime 0.00114 seconds
EXP 5: using seed 237e7a9f
EXP 5: [6/8] calculationTime 2.75163 seconds
Stopping iterations due to convergence delta.
EXP 5: [1/8] calculationTime 2.75166 seconds
EXP 5: iterations 8
EXP 5: [7/8] calculationTime 2.75163 seconds
EXP 5: [4/8] calculationTime 2.75163 seconds
EXP 5: [8/8] calculationTime 2.75163 seconds
EXP 5: [2/8] calculationTime 2.75163 seconds
EXP 5: [3/8] calculationTime 2.75163 seconds
EXP 5: [5/8] calculationTime 2.75163 seconds
EXP: [5/8] fullTime 66.6359 seconds
EXP: [7/8] fullTime 66.6359 seconds
EXP: [3/8] fullTime 66.636 seconds
EXP: [4/8] fullTime 66.636 seconds
EXP: [8/8] fullTime 66.6361 seconds
EXP: [2/8] fullTime 66.6359 seconds
EXP: [6/8] fullTime 66.6361 seconds
EXP 5: writeTime 0.001723 seconds
EXP: [1/8] fullTime 66.6374 seconds

OK 1: result matches reference
OK 2: result matches reference
OK 3: result matches reference
OK 4: result matches reference
OK 5: result matches reference
