DESC: dir=/var/scratch/dbuurman/kmeans/size_26/clusters_4/dimension_4/seed_971 numMeans=4 convergenceDelta=0.0001 thresholdMultiplier=0
[1/24] Running on node106
[2/24] Running on node106
[5/24] Running on node106
[6/24] Running on node106
[7/24] Running on node106
[3/24] Running on node106
[4/24] Running on node106
[8/24] Running on node106
[21/24] Running on node108
[14/24] Running on node107
[23/24] Running on node108
[17/24] Running on node108
[16/24] Running on node107
[18/24] Running on node108
[19/24] Running on node108
[10/24] Running on node107
[24/24] Running on node108
[15/24] Running on node107
[20/24] Running on node108
[9/24] Running on node107
[22/24] Running on node108
[11/24] Running on node107
[13/24] Running on node107
[12/24] Running on node107

Reading file: /var/scratch/dbuurman/kmeans/size_26/clusters_4/dimension_4/seed_971/data.txt
EXP: readTime 46.7515 seconds
Detected 67108864 data points of dimension 4.


EXP 1: using seed 7fd465a
Stopping iterations due to convergence delta.
EXP 1: [1/24] calculationTime 1.05886 seconds
EXP 1: iterations 8
EXP 1: [8/24] calculationTime 1.05885 seconds
EXP 1: [7/24] calculationTime 1.05885 seconds
EXP 1: [3/24] calculationTime 1.05884 seconds
EXP 1: [2/24] calculationTime 1.05884 seconds
EXP 1: [5/24] calculationTime 1.05883 seconds
EXP 1: [6/24] calculationTime 1.05885 seconds
EXP 1: [4/24] calculationTime 1.05884 seconds
EXP 1: [20/24] calculationTime 1.05885 seconds
EXP 1: [12/24] calculationTime 1.05885 seconds
EXP 1: [21/24] calculationTime 1.05884 seconds
EXP 1: [15/24] calculationTime 1.05885 seconds
EXP 1: [19/24] calculationTime 1.05885 seconds
EXP 1: [16/24] calculationTime 1.05885 seconds
EXP 1: [22/24] calculationTime 1.05886 seconds
EXP 1: [9/24] calculationTime 1.05885 seconds
EXP 1: [23/24] calculationTime 1.05886 seconds
EXP 1: [13/24] calculationTime 1.05885 seconds
EXP 1: writeTime 0.000785001 seconds
EXP 2: using seed b2d3e3d4
EXP 1: [17/24] calculationTime 1.05885 seconds
EXP 1: [11/24] calculationTime 1.05886 seconds
EXP 1: [18/24] calculationTime 1.05885 seconds
EXP 1: [10/24] calculationTime 1.05884 seconds
EXP 1: [24/24] calculationTime 1.05886 seconds
EXP 1: [14/24] calculationTime 1.05884 seconds
EXP 2: [2/24] calculationTime 1.02826 seconds
EXP 2: [5/24] calculationTime 1.02826 seconds
EXP 2: [6/24] calculationTime 1.02826 seconds
Stopping iterations due to convergence delta.
EXP 2: [1/24] calculationTime 1.02828 seconds
EXP 2: iterations 9
EXP 2: [4/24] calculationTime 1.02825 seconds
EXP 2: [8/24] calculationTime 1.02826 seconds
EXP 2: [7/24] calculationTime 1.02826 seconds
EXP 2: [3/24] calculationTime 1.02826 seconds
EXP 2: [14/24] calculationTime 1.02825 seconds
EXP 2: [22/24] calculationTime 1.02826 seconds
EXP 2: [12/24] calculationTime 1.02825 seconds
EXP 2: [23/24] calculationTime 1.02826 seconds
EXP 2: [15/24] calculationTime 1.02826 seconds
EXP 2: [17/24] calculationTime 1.02825 seconds
EXP 2: [16/24] calculationTime 1.02826 seconds
EXP 2: [18/24] calculationTime 1.02826 seconds
EXP 2: [9/24] calculationTime 1.02825 seconds
EXP 2: writeTime 0.000761999 seconds
EXP 2: [19/24] calculationTime 1.02825 seconds
EXP 2: [13/24] calculationTime 1.02826 seconds
EXP 3: using seed 4c826abe
EXP 2: [20/24] calculationTime 1.02825 seconds
EXP 2: [11/24] calculationTime 1.02825 seconds
EXP 2: [21/24] calculationTime 1.02826 seconds
EXP 2: [10/24] calculationTime 1.02826 seconds
EXP 2: [24/24] calculationTime 1.02826 seconds
EXP 3: [8/24] calculationTime 2.85581 seconds
EXP 3: [7/24] calculationTime 2.8558 seconds
EXP 3: [6/24] calculationTime 2.85581 seconds
EXP 3: [2/24] calculationTime 2.85581 seconds
EXP 3: [5/24] calculationTime 2.85579 seconds
Stopping iterations due to convergence delta.
EXP 3: [1/24] calculationTime 2.85582 seconds
EXP 3: iterations 30
EXP 3: [3/24] calculationTime 2.85579 seconds
EXP 3: [4/24] calculationTime 2.85581 seconds
EXP 3: [24/24] calculationTime 2.85581 seconds
EXP 3: [21/24] calculationTime 2.85579 seconds
EXP 3: [9/24] calculationTime 2.8558 seconds
EXP 3: [22/24] calculationTime 2.85581 seconds
EXP 3: [13/24] calculationTime 2.85579 seconds
EXP 3: [23/24] calculationTime 2.8558 seconds
EXP 3: [11/24] calculationTime 2.8558 seconds
EXP 3: [17/24] calculationTime 2.8558 seconds
EXP 3: [10/24] calculationTime 2.85581 seconds
EXP 3: [18/24] calculationTime 2.85581 seconds
EXP 3: [14/24] calculationTime 2.85581 seconds
EXP 3: [19/24] calculationTime 2.8558 seconds
EXP 3: [12/24] calculationTime 2.85581 seconds
EXP 3: [20/24] calculationTime 2.85581 seconds
EXP 3: [15/24] calculationTime 2.8558 seconds
EXP 3: [16/24] calculationTime 2.85581 seconds
EXP 3: writeTime 0.000851 seconds
EXP 4: using seed 18621847
EXP 4: [3/24] calculationTime 2.80418 seconds
EXP 4: [5/24] calculationTime 2.80418 seconds
EXP 4: [8/24] calculationTime 2.80418 seconds
EXP 4: [7/24] calculationTime 2.80418 seconds
EXP 4: [6/24] calculationTime 2.80418 seconds
EXP 4: [2/24] calculationTime 2.80418 seconds
Stopping iterations due to convergence delta.
EXP 4: [1/24] calculationTime 2.8042 seconds
EXP 4: iterations 31
EXP 4: [4/24] calculationTime 2.80418 seconds
EXP 4: [22/24] calculationTime 2.80418 seconds
EXP 4: [23/24] calculationTime 2.80418 seconds
EXP 4: [15/24] calculationTime 2.80418 seconds
EXP 4: [17/24] calculationTime 2.80418 seconds
EXP 4: [11/24] calculationTime 2.80418 seconds
EXP 4: [18/24] calculationTime 2.80418 seconds
EXP 4: [9/24] calculationTime 2.80417 seconds
EXP 4: [19/24] calculationTime 2.80418 seconds
EXP 4: [13/24] calculationTime 2.80418 seconds
EXP 4: [20/24] calculationTime 2.80418 seconds
EXP 4: [16/24] calculationTime 2.80419 seconds
EXP 4: [24/24] calculationTime 2.80418 seconds
EXP 4: [10/24] calculationTime 2.80418 seconds
EXP 4: [21/24] calculationTime 2.80418 seconds
EXP 4: [14/24] calculationTime 2.80417 seconds
EXP 4: [12/24] calculationTime 2.80418 seconds
EXP 4: writeTime 0.00096 seconds
EXP 5: using seed a7f0d157
Stopping iterations due to convergence delta.
EXP 5: [1/24] calculationTime 2.00227 seconds
EXP 5: iterations 20
EXP 5: [4/24] calculationTime 2.00223 seconds
EXP 5: [2/24] calculationTime 2.00223 seconds
EXP 5: [3/24] calculationTime 2.00224 seconds
EXP 5: [5/24] calculationTime 2.00225 seconds
EXP 5: [8/24] calculationTime 2.00224 seconds
EXP 5: [7/24] calculationTime 2.00225 seconds
EXP 5: [6/24] calculationTime 2.00224 seconds
EXP 5: [22/24] calculationTime 2.00224 seconds
EXP 5: [23/24] calculationTime 2.00225 seconds
EXP 5: [12/24] calculationTime 2.00223 seconds
EXP 5: [17/24] calculationTime 2.00225 seconds
EXP 5: [16/24] calculationTime 2.00224 seconds
EXP 5: [18/24] calculationTime 2.00223 seconds
EXP 5: [10/24] calculationTime 2.00223 seconds
EXP 5: [21/24] calculationTime 2.00225 seconds
EXP 5: [14/24] calculationTime 2.00223 seconds
EXP 5: [20/24] calculationTime 2.00223 seconds
EXP 5: [13/24] calculationTime 2.00225 seconds
EXP 5: [24/24] calculationTime 2.00224 seconds
EXP 5: [15/24] calculationTime 2.00224 seconds
EXP 5: [19/24] calculationTime 2.00224 seconds
EXP 5: [11/24] calculationTime 2.00225 seconds
EXP: [7/24] fullTime 57.575 seconds
EXP: [23/24] fullTime 57.5743 seconds
EXP 5: [9/24] calculationTime 2.00225 seconds
EXP: [5/24] fullTime 57.575 seconds
EXP: [4/24] fullTime 57.5748 seconds
EXP: [2/24] fullTime 57.5751 seconds
EXP: [8/24] fullTime 57.5748 seconds
EXP: [3/24] fullTime 57.5751 seconds
EXP: [12/24] fullTime 57.5741 seconds
EXP: [6/24] fullTime 57.5753 seconds
EXP: [17/24] fullTime 57.5743 seconds
EXP: [14/24] fullTime 57.5743 seconds
EXP 5: writeTime 0.001312 seconds
EXP: [19/24] fullTime 57.5744 seconds
EXP: [15/24] fullTime 57.5743 seconds
EXP: [21/24] fullTime 57.5744 seconds
EXP: [16/24] fullTime 57.5744 seconds
EXP: [20/24] fullTime 57.5743 seconds
EXP: [10/24] fullTime 57.5744 seconds
EXP: [24/24] fullTime 57.5743 seconds
EXP: [9/24] fullTime 57.5744 seconds
EXP: [18/24] fullTime 57.5745 seconds
EXP: [13/24] fullTime 57.5743 seconds
EXP: [22/24] fullTime 57.5743 seconds
EXP: [11/24] fullTime 57.5744 seconds
EXP: [1/24] fullTime 57.5761 seconds

OK 1: result matches reference
OK 2: result matches reference
OK 3: result matches reference
OK 4: result matches reference
OK 5: result matches reference
