DESC: dir=/var/scratch/dbuurman/kmeans/size_26/clusters_4/dimension_4/seed_971 numMeans=4 convergenceDelta=0.0001 thresholdMultiplier=0
[1/16] Running on node104
[3/16] Running on node104
[7/16] Running on node104
[8/16] Running on node104
[2/16] Running on node104
[4/16] Running on node104
[5/16] Running on node104
[6/16] Running on node104
[16/16] Running on node105
[10/16] Running on node105
[11/16] Running on node105
[12/16] Running on node105
[14/16] Running on node105
[13/16] Running on node105
[15/16] Running on node105
[9/16] Running on node105

Reading file: /var/scratch/dbuurman/kmeans/size_26/clusters_4/dimension_4/seed_971/data.txt
EXP: readTime 49.8062 seconds
Detected 67108864 data points of dimension 4.


EXP 1: using seed 623a3ed3
Stopping iterations due to convergence delta.
EXP 1: [1/16] calculationTime 1.938 seconds
EXP 1: iterations 9
EXP 1: [3/16] calculationTime 1.93798 seconds
EXP 1: [7/16] calculationTime 1.93798 seconds
EXP 1: [8/16] calculationTime 1.93798 seconds
EXP 1: [6/16] calculationTime 1.93798 seconds
EXP 1: [2/16] calculationTime 1.93798 seconds
EXP 1: [4/16] calculationTime 1.93798 seconds
EXP 1: [5/16] calculationTime 1.93798 seconds
EXP 1: [10/16] calculationTime 1.93798 seconds
EXP 1: [11/16] calculationTime 1.93797 seconds
EXP 1: [14/16] calculationTime 1.93798 seconds
EXP 1: [12/16] calculationTime 1.93797 seconds
EXP 1: [13/16] calculationTime 1.93797 seconds
EXP 1: [9/16] calculationTime 1.93798 seconds
EXP 1: [15/16] calculationTime 1.93797 seconds
EXP 1: [16/16] calculationTime 1.93797 seconds
EXP 1: writeTime 0.001539 seconds
EXP 2: using seed 2882a153
EXP 2: [7/16] calculationTime 1.78236 seconds
EXP 2: [8/16] calculationTime 1.78238 seconds
EXP 2: [6/16] calculationTime 1.78237 seconds
EXP 2: [2/16] calculationTime 1.78238 seconds
EXP 2: [4/16] calculationTime 1.78238 seconds
EXP 2: [5/16] calculationTime 1.78236 seconds
EXP 2: [3/16] calculationTime 1.78236 seconds
Stopping iterations due to convergence delta.
EXP 2: [1/16] calculationTime 1.78238 seconds
EXP 2: iterations 9
EXP 2: [9/16] calculationTime 1.78236 seconds
EXP 2: [15/16] calculationTime 1.78236 seconds
EXP 2: [13/16] calculationTime 1.78236 seconds
EXP 2: [10/16] calculationTime 1.78238 seconds
EXP 2: [11/16] calculationTime 1.78236 seconds
EXP 2: [14/16] calculationTime 1.78238 seconds
EXP 2: [12/16] calculationTime 1.78238 seconds
EXP 2: [16/16] calculationTime 1.78238 seconds
EXP 2: writeTime 0.001 seconds
EXP 3: using seed b6249f9f
Stopping iterations due to convergence delta.
EXP 3: [1/16] calculationTime 1.68392 seconds
EXP 3: iterations 8
EXP 3: [3/16] calculationTime 1.6839 seconds
EXP 3: [7/16] calculationTime 1.6839 seconds
EXP 3: [8/16] calculationTime 1.6839 seconds
EXP 3: [6/16] calculationTime 1.6839 seconds
EXP 3: [2/16] calculationTime 1.6839 seconds
EXP 3: [4/16] calculationTime 1.6839 seconds
EXP 3: [5/16] calculationTime 1.6839 seconds
EXP 3: [10/16] calculationTime 1.6839 seconds
EXP 3: [11/16] calculationTime 1.6839 seconds
EXP 3: [14/16] calculationTime 1.6839 seconds
EXP 3: [16/16] calculationTime 1.6839 seconds
EXP 3: [12/16] calculationTime 1.6839 seconds
EXP 3: [9/16] calculationTime 1.68389 seconds
EXP 3: [15/16] calculationTime 1.6839 seconds
EXP 3: [13/16] calculationTime 1.6839 seconds
EXP 3: writeTime 0.000983 seconds
EXP 4: using seed 450de96d
EXP 4: [6/16] calculationTime 1.68506 seconds
EXP 4: [2/16] calculationTime 1.68506 seconds
EXP 4: [4/16] calculationTime 1.68506 seconds
Stopping iterations due to convergence delta.
EXP 4: [1/16] calculationTime 1.68507 seconds
EXP 4: iterations 8
EXP 4: [5/16] calculationTime 1.68505 seconds
EXP 4: [3/16] calculationTime 1.68505 seconds
EXP 4: [7/16] calculationTime 1.68505 seconds
EXP 4: [8/16] calculationTime 1.68506 seconds
EXP 4: [13/16] calculationTime 1.68505 seconds
EXP 4: [16/16] calculationTime 1.68506 seconds
EXP 4: [12/16] calculationTime 1.68506 seconds
EXP 4: [9/16] calculationTime 1.68505 seconds
EXP 4: [15/16] calculationTime 1.68505 seconds
EXP 4: [14/16] calculationTime 1.68506 seconds
EXP 4: [10/16] calculationTime 1.68506 seconds
EXP 4: [11/16] calculationTime 1.68505 seconds
EXP 4: writeTime 0.000756 seconds
EXP 5: using seed f8432cee
Stopping iterations due to convergence delta.
EXP 5: [1/16] calculationTime 1.6865 seconds
EXP 5: iterations 8
EXP 5: [8/16] calculationTime 1.68648 seconds
EXP 5: [5/16] calculationTime 1.68648 seconds
EXP 5: [3/16] calculationTime 1.68648 seconds
EXP 5: [7/16] calculationTime 1.68647 seconds
EXP 5: [4/16] calculationTime 1.68648 seconds
EXP 5: [6/16] calculationTime 1.68648 seconds
EXP 5: [2/16] calculationTime 1.68648 seconds
EXP 5: [14/16] calculationTime 1.68648 seconds
EXP 5: [10/16] calculationTime 1.68648 seconds
EXP 5: [11/16] calculationTime 1.68648 seconds
EXP 5: [13/16] calculationTime 1.68648 seconds
EXP 5: [16/16] calculationTime 1.68648 seconds
EXP 5: [12/16] calculationTime 1.68648 seconds
EXP 5: [9/16] calculationTime 1.68648 seconds
EXP 5: [15/16] calculationTime 1.68648 seconds
EXP 5: writeTime 0.00092 seconds
EXP: [13/16] fullTime 59.4881 seconds
EXP: [5/16] fullTime 59.4891 seconds
EXP: [3/16] fullTime 59.4892 seconds
EXP: [4/16] fullTime 59.4892 seconds
EXP: [7/16] fullTime 59.4894 seconds
EXP: [6/16] fullTime 59.4892 seconds
EXP: [2/16] fullTime 59.4893 seconds
EXP: [8/16] fullTime 59.4892 seconds
EXP: [12/16] fullTime 59.4882 seconds
EXP: [9/16] fullTime 59.4881 seconds
EXP: [10/16] fullTime 59.4882 seconds
EXP: [14/16] fullTime 59.4882 seconds
EXP: [15/16] fullTime 59.4881 seconds
EXP: [11/16] fullTime 59.4882 seconds
EXP: [16/16] fullTime 59.4882 seconds
EXP: [1/16] fullTime 59.4899 seconds

OK 1: result matches reference
OK 2: result matches reference
OK 3: result matches reference
OK 4: result matches reference
OK 5: result matches reference
