[3/8] Running on node101
[5/8] Running on node101
DESC: dir=/var/scratch/dbuurman/kmeans/size_26/clusters_4/dimension_4/seed_971 numMeans=4 convergenceDelta=0.0001 thresholdMultiplier=0
[1/8] Running on node101
[7/8] Running on node101
[6/8] Running on node101
[8/8] Running on node101
[2/8] Running on node101
[4/8] Running on node101

Reading file: /var/scratch/dbuurman/kmeans/size_26/clusters_4/dimension_4/seed_971/data.txt
EXP: readTime 46.5453 seconds
Detected 67108864 data points of dimension 4.


EXP 1: using seed c4d29189
Stopping iterations due to convergence delta.
EXP 1: [1/8] calculationTime 7.81978 seconds
EXP 1: iterations 28
EXP 1: [3/8] calculationTime 7.81975 seconds
EXP 1: [7/8] calculationTime 7.81975 seconds
EXP 1: [5/8] calculationTime 7.81975 seconds
EXP 1: [8/8] calculationTime 7.81976 seconds
EXP 1: [2/8] calculationTime 7.81975 seconds
EXP 1: [4/8] calculationTime 7.81976 seconds
EXP 1: [6/8] calculationTime 7.81975 seconds
EXP 1: writeTime 0.000921 seconds
EXP 2: using seed 650d80dd
EXP 2: [8/8] calculationTime 3.01973 seconds
EXP 2: [6/8] calculationTime 3.01973 seconds
EXP 2: [3/8] calculationTime 3.01973 seconds
EXP 2: [2/8] calculationTime 3.01973 seconds
EXP 2: [4/8] calculationTime 3.01973 seconds
Stopping iterations due to convergence delta.
EXP 2: [1/8] calculationTime 3.01976 seconds
EXP 2: iterations 8
EXP 2: [7/8] calculationTime 3.01973 seconds
EXP 2: [5/8] calculationTime 3.01973 seconds
EXP 2: writeTime 0.000781 seconds
EXP 3: using seed 5fb44e6c
EXP 3: [7/8] calculationTime 6.25028 seconds
EXP 3: [4/8] calculationTime 6.25028 seconds
EXP 3: [8/8] calculationTime 6.25028 seconds
EXP 3: [6/8] calculationTime 6.25028 seconds
EXP 3: [3/8] calculationTime 6.25028 seconds
EXP 3: [2/8] calculationTime 6.25028 seconds
Stopping iterations due to convergence delta.
EXP 3: [1/8] calculationTime 6.2503 seconds
EXP 3: iterations 24
EXP 3: [5/8] calculationTime 6.25028 seconds
EXP 3: writeTime 0.001591 seconds
EXP 4: using seed 987ddad5
EXP 4: [6/8] calculationTime 8.0217 seconds
EXP 4: [3/8] calculationTime 8.02169 seconds
Stopping iterations due to convergence delta.
EXP 4: [1/8] calculationTime 8.02173 seconds
EXP 4: iterations 29
EXP 4: [5/8] calculationTime 8.02169 seconds
EXP 4: [2/8] calculationTime 8.0217 seconds
EXP 4: [7/8] calculationTime 8.02169 seconds
EXP 4: [4/8] calculationTime 8.0217 seconds
EXP 4: [8/8] calculationTime 8.0217 seconds
EXP 4: writeTime 0.000894 seconds
EXP 5: using seed 88f07ea5
Stopping iterations due to convergence delta.
EXP 5: [1/8] calculationTime 2.40881 seconds
EXP 5: iterations 7
EXP 5: [8/8] calculationTime 2.40879 seconds
EXP 5: [5/8] calculationTime 2.40879 seconds
EXP 5: [2/8] calculationTime 2.40879 seconds
EXP 5: [7/8] calculationTime 2.40878 seconds
EXP 5: [4/8] calculationTime 2.40879 seconds
EXP 5: [3/8] calculationTime 2.40879 seconds
EXP 5: [6/8] calculationTime 2.40879 seconds
EXP: [5/8] fullTime 74.8303 seconds
EXP: [7/8] fullTime 74.8302 seconds
EXP: [3/8] fullTime 74.8303 seconds
EXP: [6/8] fullTime 74.8303 seconds
EXP: [2/8] fullTime 74.8303 seconds
EXP: [4/8] fullTime 74.8303 seconds
EXP: [8/8] fullTime 74.8303 seconds
EXP 5: writeTime 0.001922 seconds
EXP: [1/8] fullTime 74.8318 seconds

OK 1: result matches reference
OK 2: result matches reference
OK 3: result matches reference
OK 4: result matches reference
OK 5: result matches reference
