[2/4] Running on node124
[4/4] Running on node124
[3/4] Running on node124
DESC: dir=/var/scratch/dbuurman/kmeans/size_26/clusters_4/dimension_4/seed_971 numMeans=4 convergenceDelta=0.0001 thresholdMultiplier=0
[1/4] Running on node124

Reading file: /var/scratch/dbuurman/kmeans/size_26/clusters_4/dimension_4/seed_971/data.txt
EXP: readTime 41.8025 seconds
Detected 67108864 data points of dimension 4.


EXP 1: using seed a0051975
Stopping iterations due to convergence delta.
EXP 1: [1/4] calculationTime 15.1023 seconds
EXP 1: iterations 26
EXP 1: [3/4] calculationTime 15.1023 seconds
EXP 1: [4/4] calculationTime 15.1023 seconds
EXP 1: [2/4] calculationTime 15.1023 seconds
EXP 1: writeTime 0.000914002 seconds
EXP 2: using seed c609a581
EXP 2: [3/4] calculationTime 14.031 seconds
EXP 2: [4/4] calculationTime 14.031 seconds
Stopping iterations due to convergence delta.
EXP 2: [1/4] calculationTime 14.031 seconds
EXP 2: iterations 26
EXP 2: [2/4] calculationTime 14.031 seconds
EXP 2: writeTime 0.001528 seconds
EXP 3: using seed b5a5d07c
EXP 3: [3/4] calculationTime 14.9689 seconds
Stopping iterations due to convergence delta.
EXP 3: [1/4] calculationTime 14.9689 seconds
EXP 3: iterations 27
EXP 3: [2/4] calculationTime 14.9689 seconds
EXP 3: [4/4] calculationTime 14.9689 seconds
EXP 3: writeTime 0.000867 seconds
EXP 4: using seed 1be6e54f
EXP 4: [3/4] calculationTime 15.0501 seconds
Stopping iterations due to convergence delta.
EXP 4: [1/4] calculationTime 15.0501 seconds
EXP 4: iterations 27
EXP 4: [4/4] calculationTime 15.0501 seconds
EXP 4: [2/4] calculationTime 15.0501 seconds
EXP 4: writeTime 0.001037 seconds
EXP 5: using seed 3f2c0038
EXP 5: [4/4] calculationTime 14.9387 seconds
EXP 5: [3/4] calculationTime 14.9387 seconds
Stopping iterations due to convergence delta.
EXP 5: [1/4] calculationTime 14.9387 seconds
EXP 5: iterations 27
EXP 5: [2/4] calculationTime 14.9387 seconds
EXP 5: writeTime 0.001048 seconds
EXP: [4/4] fullTime 116.923 seconds
EXP: [2/4] fullTime 116.923 seconds
EXP: [3/4] fullTime 116.923 seconds
EXP: [1/4] fullTime 116.924 seconds

OK 1: result matches reference
OK 2: result matches reference
OK 3: result matches reference
OK 4: result matches reference
OK 5: result matches reference
