DESC: dir=/var/scratch/dbuurman/kmeans/size_26/clusters_4/dimension_4/seed_971 numMeans=4 convergenceDelta=0.0001 thresholdMultiplier=0
[1/2] Running on node110
[2/2] Running on node110

Reading file: /var/scratch/dbuurman/kmeans/size_26/clusters_4/dimension_4/seed_971/data.txt
EXP: readTime 42.8812 seconds
Detected 67108864 data points of dimension 4.


EXP 1: using seed eed5a72b
Stopping iterations due to convergence delta.
EXP 1: [1/2] calculationTime 27.2203 seconds
EXP 1: iterations 28
EXP 1: [2/2] calculationTime 27.2202 seconds
EXP 1: writeTime 0.001476 seconds
EXP 2: using seed 4af9d4fa
EXP 2: [2/2] calculationTime 31.0531 seconds
Stopping iterations due to convergence delta.
EXP 2: [1/2] calculationTime 31.0531 seconds
EXP 2: iterations 32
EXP 2: writeTime 0.000909001 seconds
EXP 3: using seed 463b1b72
EXP 3: [2/2] calculationTime 27.4512 seconds
Stopping iterations due to convergence delta.
EXP 3: [1/2] calculationTime 27.4512 seconds
EXP 3: iterations 28
EXP 3: writeTime 0.000915999 seconds
EXP 4: using seed 62b302f0
EXP 4: [2/2] calculationTime 34.6287 seconds
Stopping iterations due to convergence delta.
EXP 4: [1/2] calculationTime 34.6287 seconds
EXP 4: iterations 36
EXP 4: writeTime 0.001464 seconds
EXP 5: using seed a5ad8fcc
EXP 5: [2/2] calculationTime 29.0936 seconds
Stopping iterations due to convergence delta.
EXP 5: [1/2] calculationTime 29.0936 seconds
EXP 5: iterations 30
EXP 5: writeTime 0.000944002 seconds
EXP: [2/2] fullTime 193.175 seconds
EXP: [1/2] fullTime 193.175 seconds

OK 1: result matches reference
OK 2: result matches reference
OK 3: result matches reference
OK 4: result matches reference
OK 5: result matches reference
