[3/4] Running on node124
DESC: dir=/var/scratch/dbuurman/kmeans/size_26/clusters_4/dimension_4/seed_971 numMeans=4 convergenceDelta=0.0001 thresholdMultiplier=0
[1/4] Running on node124
[2/4] Running on node124
[4/4] Running on node124

Reading file: /var/scratch/dbuurman/kmeans/size_26/clusters_4/dimension_4/seed_971/data.txt
EXP: readTime 48.7629 seconds
Detected 67108864 data points of dimension 4.


EXP 1: using seed f4756579
EXP 1: [2/4] calculationTime 14.9941 seconds
Stopping iterations due to convergence delta.
EXP 1: [1/4] calculationTime 14.9941 seconds
EXP 1: iterations 23
EXP 1: [3/4] calculationTime 14.9941 seconds
EXP 1: [4/4] calculationTime 14.9941 seconds
EXP 1: writeTime 0.001422 seconds
EXP 2: using seed 25a95e62
EXP 2: [2/4] calculationTime 18.6952 seconds
Stopping iterations due to convergence delta.
EXP 2: [1/4] calculationTime 18.6952 seconds
EXP 2: iterations 30
EXP 2: [4/4] calculationTime 18.6952 seconds
EXP 2: [3/4] calculationTime 18.6952 seconds
EXP 2: writeTime 0.001005 seconds
EXP 3: using seed 5275f748
EXP 3: [4/4] calculationTime 5.22264 seconds
EXP 3: [2/4] calculationTime 5.22264 seconds
Stopping iterations due to convergence delta.
EXP 3: [1/4] calculationTime 5.22267 seconds
EXP 3: iterations 7
EXP 3: [3/4] calculationTime 5.22264 seconds
EXP 3: writeTime 0.000811001 seconds
EXP 4: using seed 3023164
EXP 4: [4/4] calculationTime 5.28755 seconds
Stopping iterations due to convergence delta.
EXP 4: [1/4] calculationTime 5.28756 seconds
EXP 4: iterations 7
EXP 4: [3/4] calculationTime 5.28755 seconds
EXP 4: [2/4] calculationTime 5.28755 seconds
EXP 4: writeTime 0.001037 seconds
EXP 5: using seed 630c2eb1
EXP 5: [2/4] calculationTime 5.24897 seconds
EXP 5: [3/4] calculationTime 5.24897 seconds
EXP 5: [4/4] calculationTime 5.24897 seconds
Stopping iterations due to convergence delta.
EXP 5: [1/4] calculationTime 5.249 seconds
EXP 5: iterations 7
EXP 5: writeTime 0.001029 seconds
EXP: [3/4] fullTime 98.9919 seconds
EXP: [2/4] fullTime 98.9919 seconds
EXP: [4/4] fullTime 98.9919 seconds
EXP: [1/4] fullTime 98.9927 seconds

OK 1: result matches reference
OK 2: result matches reference
OK 3: result matches reference
OK 4: result matches reference
OK 5: result matches reference
