[3/8] Running on node101
[5/8] Running on node101
[6/8] Running on node101
[7/8] Running on node101
[2/8] Running on node101
[8/8] Running on node101
DESC: dir=/var/scratch/dbuurman/kmeans/size_26/clusters_4/dimension_4/seed_971 numMeans=4 convergenceDelta=0.0001 thresholdMultiplier=0
[1/8] Running on node101
[4/8] Running on node101

Reading file: /var/scratch/dbuurman/kmeans/size_26/clusters_4/dimension_4/seed_971/data.txt
EXP: readTime 46.7126 seconds
Detected 67108864 data points of dimension 4.


EXP 1: using seed cdcf46f1
Stopping iterations due to convergence delta.
EXP 1: [1/8] calculationTime 10.8168 seconds
EXP 1: iterations 33
EXP 1: [8/8] calculationTime 10.8167 seconds
EXP 1: [7/8] calculationTime 10.8167 seconds
EXP 1: [4/8] calculationTime 10.8167 seconds
EXP 1: [3/8] calculationTime 10.8167 seconds
EXP 1: [5/8] calculationTime 10.8167 seconds
EXP 1: [6/8] calculationTime 10.8167 seconds
EXP 1: [2/8] calculationTime 10.8167 seconds
EXP 1: writeTime 0.000669 seconds
EXP 2: using seed 58a4293a
EXP 2: [7/8] calculationTime 10.0354 seconds
EXP 2: [4/8] calculationTime 10.0354 seconds
EXP 2: [3/8] calculationTime 10.0354 seconds
EXP 2: [5/8] calculationTime 10.0354 seconds
EXP 2: [6/8] calculationTime 10.0354 seconds
Stopping iterations due to convergence delta.
EXP 2: [1/8] calculationTime 10.0355 seconds
EXP 2: iterations 30
EXP 2: [2/8] calculationTime 10.0354 seconds
EXP 2: [8/8] calculationTime 10.0354 seconds
EXP 2: writeTime 0.001035 seconds
EXP 3: using seed 70f335dc
EXP 3: [6/8] calculationTime 3.28373 seconds
EXP 3: [7/8] calculationTime 3.28373 seconds
EXP 3: [4/8] calculationTime 3.28373 seconds
EXP 3: [3/8] calculationTime 3.28373 seconds
EXP 3: [5/8] calculationTime 3.28373 seconds
Stopping iterations due to convergence delta.
EXP 3: [1/8] calculationTime 3.28375 seconds
EXP 3: iterations 8
EXP 3: [8/8] calculationTime 3.28373 seconds
EXP 3: [2/8] calculationTime 3.28373 seconds
EXP 3: writeTime 0.000758 seconds
EXP 4: using seed ef66ba9
EXP 4: [4/8] calculationTime 7.77112 seconds
EXP 4: [3/8] calculationTime 7.77112 seconds
Stopping iterations due to convergence delta.
EXP 4: [1/8] calculationTime 7.77114 seconds
EXP 4: iterations 22
EXP 4: [2/8] calculationTime 7.77112 seconds
EXP 4: [8/8] calculationTime 7.77112 seconds
EXP 4: [5/8] calculationTime 7.77112 seconds
EXP 4: [6/8] calculationTime 7.77112 seconds
EXP 4: [7/8] calculationTime 7.77112 seconds
EXP 4: writeTime 0.000678 seconds
EXP 5: using seed 3fa11701
EXP 5: [8/8] calculationTime 7.88276 seconds
EXP 5: [5/8] calculationTime 7.88275 seconds
EXP 5: [6/8] calculationTime 7.88276 seconds
EXP 5: [3/8] calculationTime 7.88276 seconds
EXP 5: [4/8] calculationTime 7.88276 seconds
Stopping iterations due to convergence delta.
EXP 5: [1/8] calculationTime 7.88279 seconds
EXP 5: iterations 23
EXP 5: [7/8] calculationTime 7.88275 seconds
EXP 5: [2/8] calculationTime 7.88276 seconds
EXP 5: writeTime 0.00144 seconds
EXP: [3/8] fullTime 87.2684 seconds
EXP: [5/8] fullTime 87.2684 seconds
EXP: [7/8] fullTime 87.2685 seconds
EXP: [6/8] fullTime 87.2685 seconds
EXP: [2/8] fullTime 87.2684 seconds
EXP: [4/8] fullTime 87.2683 seconds
EXP: [8/8] fullTime 87.2683 seconds
EXP: [1/8] fullTime 87.2694 seconds

OK 1: result matches reference
OK 2: result matches reference
OK 3: result matches reference
OK 4: result matches reference
OK 5: result matches reference
