[2/12] Running on node102
[5/12] Running on node102
[6/12] Running on node102
[3/12] Running on node102
[4/12] Running on node102
DESC: dir=/var/scratch/dbuurman/kmeans/size_26/clusters_4/dimension_4/seed_971 numMeans=4 convergenceDelta=0.0001 thresholdMultiplier=0
[1/12] Running on node102
[7/12] Running on node103
[9/12] Running on node103
[8/12] Running on node103
[10/12] Running on node103
[11/12] Running on node103
[12/12] Running on node103

Reading file: /var/scratch/dbuurman/kmeans/size_26/clusters_4/dimension_4/seed_971/data.txt
EXP: readTime 49.3391 seconds
Detected 67108864 data points of dimension 4.


EXP 1: using seed f3fce9bb
Stopping iterations due to convergence delta.
EXP 1: [1/12] calculationTime 5.50058 seconds
EXP 1: iterations 25
EXP 1: [4/12] calculationTime 5.50054 seconds
EXP 1: [6/12] calculationTime 5.50056 seconds
EXP 1: [3/12] calculationTime 5.50053 seconds
EXP 1: [2/12] calculationTime 5.50056 seconds
EXP 1: [5/12] calculationTime 5.50055 seconds
EXP 1: [12/12] calculationTime 5.50055 seconds
EXP 1: [9/12] calculationTime 5.50055 seconds
EXP 1: [7/12] calculationTime 5.50054 seconds
EXP 1: [8/12] calculationTime 5.50054 seconds
EXP 1: [10/12] calculationTime 5.50056 seconds
EXP 1: [11/12] calculationTime 5.50054 seconds
EXP 1: writeTime 0.001389 seconds
EXP 2: using seed f72fbfce
EXP 2: [5/12] calculationTime 2.04957 seconds
EXP 2: [3/12] calculationTime 2.04959 seconds
Stopping iterations due to convergence delta.
EXP 2: [1/12] calculationTime 2.0496 seconds
EXP 2: iterations 7
EXP 2: [2/12] calculationTime 2.04976 seconds
EXP 2: [4/12] calculationTime 2.04976 seconds
EXP 2: [6/12] calculationTime 2.04975 seconds
EXP 2: [9/12] calculationTime 2.04958 seconds
EXP 2: [7/12] calculationTime 2.04959 seconds
EXP 2: [11/12] calculationTime 2.04959 seconds
EXP 2: [10/12] calculationTime 2.04975 seconds
EXP 2: [12/12] calculationTime 2.04976 seconds
EXP 2: [8/12] calculationTime 2.04976 seconds
EXP 2: writeTime 0.001017 seconds
EXP 3: using seed 378fb75d
Stopping iterations due to convergence delta.
EXP 3: [1/12] calculationTime 1.96595 seconds
EXP 3: iterations 7
EXP 3: [3/12] calculationTime 1.96593 seconds
EXP 3: [2/12] calculationTime 1.96594 seconds
EXP 3: [4/12] calculationTime 1.96593 seconds
EXP 3: [5/12] calculationTime 1.96593 seconds
EXP 3: [6/12] calculationTime 1.96594 seconds
EXP 3: [10/12] calculationTime 1.96594 seconds
EXP 3: [7/12] calculationTime 1.96593 seconds
EXP 3: [9/12] calculationTime 1.96593 seconds
EXP 3: [12/12] calculationTime 1.96594 seconds
EXP 3: [11/12] calculationTime 1.96593 seconds
EXP 3: [8/12] calculationTime 1.96594 seconds
EXP 3: writeTime 0.00085 seconds
EXP 4: using seed 96c644ee
Stopping iterations due to convergence delta.
EXP 4: [1/12] calculationTime 2.07426 seconds
EXP 4: iterations 8
EXP 4: [6/12] calculationTime 2.07424 seconds
EXP 4: [3/12] calculationTime 2.07423 seconds
EXP 4: [2/12] calculationTime 2.07424 seconds
EXP 4: [4/12] calculationTime 2.07424 seconds
EXP 4: [5/12] calculationTime 2.07423 seconds
EXP 4: [8/12] calculationTime 2.07424 seconds
EXP 4: [11/12] calculationTime 2.07424 seconds
EXP 4: [10/12] calculationTime 2.07424 seconds
EXP 4: [7/12] calculationTime 2.07423 seconds
EXP 4: [9/12] calculationTime 2.07423 seconds
EXP 4: [12/12] calculationTime 2.07424 seconds
EXP 4: writeTime 0.001111 seconds
EXP 5: using seed a77f3154
EXP 5: [5/12] calculationTime 5.52762 seconds
EXP 5: [6/12] calculationTime 5.52764 seconds
EXP 5: [3/12] calculationTime 5.52762 seconds
EXP 5: [2/12] calculationTime 5.52764 seconds
EXP 5: [4/12] calculationTime 5.52763 seconds
Stopping iterations due to convergence delta.
EXP 5: [1/12] calculationTime 5.52764 seconds
EXP 5: iterations 24
EXP 5: [9/12] calculationTime 5.52762 seconds
EXP 5: [12/12] calculationTime 5.52765 seconds
EXP 5: [8/12] calculationTime 5.52764 seconds
EXP 5: [11/12] calculationTime 5.52762 seconds
EXP 5: [10/12] calculationTime 5.52765 seconds
EXP 5: [7/12] calculationTime 5.52762 seconds
EXP: [8/12] fullTime 67.3756 seconds
EXP 5: writeTime 0.000873 seconds
EXP: [12/12] fullTime 67.3757 seconds
EXP: [3/12] fullTime 67.3764 seconds
EXP: [11/12] fullTime 67.3758 seconds
EXP: [10/12] fullTime 67.3758 seconds
EXP: [9/12] fullTime 67.3758 seconds
EXP: [4/12] fullTime 67.3766 seconds
EXP: [7/12] fullTime 67.376 seconds
EXP: [6/12] fullTime 67.3767 seconds
EXP: [2/12] fullTime 67.3767 seconds
EXP: [5/12] fullTime 67.3767 seconds
EXP: [1/12] fullTime 67.3771 seconds

OK 1: result matches reference
OK 2: result matches reference
OK 3: result matches reference
OK 4: result matches reference
OK 5: result matches reference
