DESC: dir=/var/scratch/dbuurman/kmeans/size_26/clusters_4/dimension_4/seed_971 numMeans=4 convergenceDelta=0.0001 thresholdMultiplier=0
[1/2] Running on node110
[2/2] Running on node110

Reading file: /var/scratch/dbuurman/kmeans/size_26/clusters_4/dimension_4/seed_971/data.txt
EXP: readTime 48.2512 seconds
Detected 67108864 data points of dimension 4.


EXP 1: using seed 86950b18
Stopping iterations due to convergence delta.
EXP 1: [1/2] calculationTime 35.1103 seconds
EXP 1: iterations 28
EXP 1: [2/2] calculationTime 35.1103 seconds
EXP 1: writeTime 0.001367 seconds
EXP 2: using seed 120c6662
EXP 2: [2/2] calculationTime 10.3448 seconds
Stopping iterations due to convergence delta.
EXP 2: [1/2] calculationTime 10.3448 seconds
EXP 2: iterations 7
EXP 2: writeTime 0.001088 seconds
EXP 3: using seed c4208d6f
Stopping iterations due to convergence delta.
EXP 3: [1/2] calculationTime 36.374 seconds
EXP 3: iterations 29
EXP 3: [2/2] calculationTime 36.374 seconds
EXP 3: writeTime 0.000945 seconds
EXP 4: using seed 5d2ba69a
Stopping iterations due to convergence delta.
EXP 4: [1/2] calculationTime 35.2549 seconds
EXP 4: iterations 30
EXP 4: [2/2] calculationTime 35.2549 seconds
EXP 4: writeTime 0.001515 seconds
EXP 5: using seed 50899416
EXP 5: [2/2] calculationTime 10.5987 seconds
Stopping iterations due to convergence delta.
EXP 5: [1/2] calculationTime 10.5987 seconds
EXP 5: iterations 7
EXP 5: writeTime 0.00101 seconds
EXP: [2/2] fullTime 176.794 seconds
EXP: [1/2] fullTime 176.795 seconds

OK 1: result matches reference
OK 2: result matches reference
OK 3: result matches reference
OK 4: result matches reference
OK 5: result matches reference
