[3/24] Running on node106
[4/24] Running on node106
[5/24] Running on node106
[8/24] Running on node106
[7/24] Running on node106
DESC: dir=/var/scratch/dbuurman/kmeans/size_26/clusters_4/dimension_4/seed_971 numMeans=4 convergenceDelta=0.0001 thresholdMultiplier=0
[1/24] Running on node106
[2/24] Running on node106
[6/24] Running on node106
[9/24] Running on node107
[15/24] Running on node107
[11/24] Running on node107
[19/24] Running on node108
[21/24] Running on node108
[10/24] Running on node107
[23/24] Running on node108
[17/24] Running on node108
[18/24] Running on node108
[13/24] Running on node107
[14/24] Running on node107
[20/24] Running on node108
[12/24] Running on node107
[22/24] Running on node108
[16/24] Running on node107
[24/24] Running on node108

Reading file: /var/scratch/dbuurman/kmeans/size_26/clusters_4/dimension_4/seed_971/data.txt
EXP: readTime 45.2854 seconds
Detected 67108864 data points of dimension 4.


EXP 1: using seed 8e3a4c7e
Stopping iterations due to convergence delta.
EXP 1: [1/24] calculationTime 1.10898 seconds
EXP 1: iterations 8
EXP 1: [6/24] calculationTime 1.10893 seconds
EXP 1: [3/24] calculationTime 1.10894 seconds
EXP 1: [4/24] calculationTime 1.10893 seconds
EXP 1: [2/24] calculationTime 1.10893 seconds
EXP 1: [8/24] calculationTime 1.10895 seconds
EXP 1: [5/24] calculationTime 1.10894 seconds
EXP 1: [7/24] calculationTime 1.10894 seconds
EXP 1: [10/24] calculationTime 1.10894 seconds
EXP 1: [13/24] calculationTime 1.10896 seconds
EXP 1: [9/24] calculationTime 1.10897 seconds
EXP 1: [12/24] calculationTime 1.10894 seconds
EXP 1: [24/24] calculationTime 1.10895 seconds
EXP 1: [16/24] calculationTime 1.10895 seconds
EXP 1: [23/24] calculationTime 1.10896 seconds
EXP 1: [11/24] calculationTime 1.10896 seconds
EXP 1: [17/24] calculationTime 1.10897 seconds
EXP 1: [15/24] calculationTime 1.10895 seconds
EXP 1: [18/24] calculationTime 1.10895 seconds
EXP 1: [14/24] calculationTime 1.10894 seconds
EXP 1: [19/24] calculationTime 1.10896 seconds
EXP 1: [20/24] calculationTime 1.10895 seconds
EXP 1: [21/24] calculationTime 1.10897 seconds
EXP 1: [22/24] calculationTime 1.10895 seconds
EXP 1: writeTime 0.000858 seconds
EXP 2: using seed e879daa9
EXP 2: [5/24] calculationTime 2.49848 seconds
EXP 2: [7/24] calculationTime 2.49849 seconds
EXP 2: [6/24] calculationTime 2.4985 seconds
EXP 2: [3/24] calculationTime 2.49849 seconds
EXP 2: [4/24] calculationTime 2.4985 seconds
EXP 2: [2/24] calculationTime 2.4985 seconds
EXP 2: [8/24] calculationTime 2.4985 seconds
Stopping iterations due to convergence delta.
EXP 2: [1/24] calculationTime 2.4985 seconds
EXP 2: iterations 21
EXP 2: [22/24] calculationTime 2.4985 seconds
EXP 2: [10/24] calculationTime 2.4985 seconds
EXP 2: [24/24] calculationTime 2.4985 seconds
EXP 2: [13/24] calculationTime 2.49848 seconds
EXP 2: [23/24] calculationTime 2.4985 seconds
EXP 2: [9/24] calculationTime 2.49848 seconds
EXP 2: [17/24] calculationTime 2.49848 seconds
EXP 2: [14/24] calculationTime 2.4985 seconds
EXP 2: [18/24] calculationTime 2.4985 seconds
EXP 2: [16/24] calculationTime 2.49851 seconds
EXP 2: [19/24] calculationTime 2.4985 seconds
EXP 2: [11/24] calculationTime 2.4985 seconds
EXP 2: [20/24] calculationTime 2.4985 seconds
EXP 2: [15/24] calculationTime 2.4985 seconds
EXP 2: [21/24] calculationTime 2.49848 seconds
EXP 2: [12/24] calculationTime 2.4985 seconds
EXP 2: writeTime 0.000743 seconds
EXP 3: using seed 87d67fab
Stopping iterations due to convergence delta.
EXP 3: [1/24] calculationTime 1.07539 seconds
EXP 3: iterations 8
EXP 3: [8/24] calculationTime 1.07566 seconds
EXP 3: [5/24] calculationTime 1.07547 seconds
EXP 3: [7/24] calculationTime 1.07547 seconds
EXP 3: [6/24] calculationTime 1.07566 seconds
EXP 3: [3/24] calculationTime 1.07547 seconds
EXP 3: [4/24] calculationTime 1.07566 seconds
EXP 3: [2/24] calculationTime 1.07566 seconds
EXP 3: [14/24] calculationTime 1.07566 seconds
EXP 3: [16/24] calculationTime 1.07566 seconds
EXP 3: [23/24] calculationTime 1.07547 seconds
EXP 3: [11/24] calculationTime 1.07548 seconds
EXP 3: [17/24] calculationTime 1.07547 seconds
EXP 3: [15/24] calculationTime 1.07548 seconds
EXP 3: [18/24] calculationTime 1.07566 seconds
EXP 3: [9/24] calculationTime 1.07548 seconds
EXP 3: [19/24] calculationTime 1.07547 seconds
EXP 3: [10/24] calculationTime 1.07566 seconds
EXP 3: [20/24] calculationTime 1.07566 seconds
EXP 3: [13/24] calculationTime 1.07548 seconds
EXP 3: [21/24] calculationTime 1.07547 seconds
EXP 3: [12/24] calculationTime 1.07566 seconds
EXP 3: writeTime 0.000756999 seconds
EXP 3: [22/24] calculationTime 1.07566 seconds
EXP 3: [24/24] calculationTime 1.07566 seconds
EXP 4: using seed e2ecfd28
EXP 4: [7/24] calculationTime 1.02527 seconds
EXP 4: [6/24] calculationTime 1.02528 seconds
EXP 4: [3/24] calculationTime 1.02527 seconds
EXP 4: [4/24] calculationTime 1.02528 seconds
Stopping iterations due to convergence delta.
EXP 4: [1/24] calculationTime 1.02529 seconds
EXP 4: iterations 8
EXP 4: [2/24] calculationTime 1.02528 seconds
EXP 4: [8/24] calculationTime 1.02528 seconds
EXP 4: [5/24] calculationTime 1.02527 seconds
EXP 4: [12/24] calculationTime 1.02528 seconds
EXP 4: [13/24] calculationTime 1.02528 seconds
EXP 4: [14/24] calculationTime 1.02528 seconds
EXP 4: [18/24] calculationTime 1.02529 seconds
EXP 4: [16/24] calculationTime 1.02529 seconds
EXP 4: [19/24] calculationTime 1.02528 seconds
EXP 4: [11/24] calculationTime 1.02528 seconds
EXP 4: [24/24] calculationTime 1.02529 seconds
EXP 4: [15/24] calculationTime 1.02527 seconds
EXP 4: [21/24] calculationTime 1.02528 seconds
EXP 4: [9/24] calculationTime 1.02528 seconds
EXP 4: [22/24] calculationTime 1.02529 seconds
EXP 4: [10/24] calculationTime 1.02529 seconds
EXP 4: [20/24] calculationTime 1.02529 seconds
EXP 4: [23/24] calculationTime 1.02528 seconds
EXP 4: [17/24] calculationTime 1.02528 seconds
EXP 4: writeTime 0.000897 seconds
EXP 5: using seed e199ef21
EXP 5: [5/24] calculationTime 4.53674 seconds
EXP 5: [2/24] calculationTime 4.53675 seconds
EXP 5: [8/24] calculationTime 4.53675 seconds
EXP 5: [4/24] calculationTime 4.53675 seconds
EXP 5: [7/24] calculationTime 4.53674 seconds
EXP 5: [6/24] calculationTime 4.53675 seconds
EXP 5: [3/24] calculationTime 4.53674 seconds
Stopping iterations due to convergence delta.
EXP 5: [1/24] calculationTime 4.53677 seconds
EXP 5: iterations 43
EXP: [7/24] fullTime 60.3228 seconds
EXP 5: [17/24] calculationTime 4.53674 seconds
EXP 5: [13/24] calculationTime 4.53674 seconds
EXP: [2/24] fullTime 60.3228 seconds
EXP: [8/24] fullTime 60.3229 seconds
EXP: [3/24] fullTime 60.3232 seconds
EXP 5: [24/24] calculationTime 4.53675 seconds
EXP 5: [14/24] calculationTime 4.53675 seconds
EXP: [5/24] fullTime 60.323 seconds
EXP: [4/24] fullTime 60.3231 seconds
EXP: [6/24] fullTime 60.3229 seconds
EXP 5: [21/24] calculationTime 4.53674 seconds
EXP 5: [16/24] calculationTime 4.53675 seconds
EXP 5: [22/24] calculationTime 4.53675 seconds
EXP 5: [11/24] calculationTime 4.53674 seconds
EXP 5: [20/24] calculationTime 4.53675 seconds
EXP 5: [15/24] calculationTime 4.53674 seconds
EXP 5: [23/24] calculationTime 4.53674 seconds
EXP 5: [9/24] calculationTime 4.53674 seconds
EXP 5: [10/24] calculationTime 4.53675 seconds
EXP 5: [19/24] calculationTime 4.53674 seconds
EXP 5: [12/24] calculationTime 4.53675 seconds
EXP 5: [18/24] calculationTime 4.53675 seconds
EXP: [10/24] fullTime 60.3222 seconds
EXP: [23/24] fullTime 60.3221 seconds
EXP: [13/24] fullTime 60.3222 seconds
EXP: [19/24] fullTime 60.3222 seconds
EXP: [15/24] fullTime 60.3224 seconds
EXP: [17/24] fullTime 60.3222 seconds
EXP: [11/24] fullTime 60.3224 seconds
EXP: [9/24] fullTime 60.3225 seconds
EXP: [22/24] fullTime 60.322 seconds
EXP: [21/24] fullTime 60.3224 seconds
EXP: [12/24] fullTime 60.3223 seconds
EXP: [20/24] fullTime 60.3222 seconds
EXP: [14/24] fullTime 60.3224 seconds
EXP: [18/24] fullTime 60.3222 seconds
EXP: [16/24] fullTime 60.3223 seconds
EXP 5: writeTime 0.001797 seconds
EXP: [24/24] fullTime 60.3221 seconds
EXP: [1/24] fullTime 60.3251 seconds

OK 1: result matches reference
OK 2: result matches reference
OK 3: result matches reference
OK 4: result matches reference
OK 5: result matches reference
