DESC: dir=/var/scratch/dbuurman/kmeans/size_26/clusters_4/dimension_4/seed_971 numMeans=4 convergenceDelta=0.0001 thresholdMultiplier=0
[2/2] Running on node110
[1/2] Running on node110

Reading file: /var/scratch/dbuurman/kmeans/size_26/clusters_4/dimension_4/seed_971/data.txt
EXP: readTime 42.437 seconds
Detected 67108864 data points of dimension 4.


EXP 1: using seed 268e3160
Stopping iterations due to convergence delta.
EXP 1: [1/2] calculationTime 34.4002 seconds
EXP 1: iterations 32
EXP 1: [2/2] calculationTime 34.4002 seconds
EXP 1: writeTime 0.001573 seconds
EXP 2: using seed 2b1d707b
EXP 2: [2/2] calculationTime 32.096 seconds
Stopping iterations due to convergence delta.
EXP 2: [1/2] calculationTime 32.0961 seconds
EXP 2: iterations 30
EXP 2: writeTime 0.001045 seconds
EXP 3: using seed 203dfcb5
Stopping iterations due to convergence delta.
EXP 3: [1/2] calculationTime 33.1623 seconds
EXP 3: iterations 29
EXP 3: [2/2] calculationTime 33.1623 seconds
EXP 3: writeTime 0.001496 seconds
EXP 4: using seed d92c1e8f
EXP 4: [2/2] calculationTime 33.2207 seconds
Stopping iterations due to convergence delta.
EXP 4: [1/2] calculationTime 33.2207 seconds
EXP 4: iterations 29
EXP 4: writeTime 0.001021 seconds
EXP 5: using seed a3200eb9
Stopping iterations due to convergence delta.
EXP 5: [1/2] calculationTime 34.1748 seconds
EXP 5: iterations 30
EXP 5: [2/2] calculationTime 34.1748 seconds
EXP 5: writeTime 0.001349 seconds
EXP: [2/2] fullTime 210.582 seconds
EXP: [1/2] fullTime 210.584 seconds

OK 1: result matches reference
OK 2: result matches reference
OK 3: result matches reference
OK 4: result matches reference
OK 5: result matches reference
