DESC: dir=/var/scratch/dbuurman/kmeans/size_26/clusters_4/dimension_4/seed_971 numMeans=4 convergenceDelta=0.0001 thresholdMultiplier=0
[1/56] Running on node101
[6/56] Running on node101
[2/56] Running on node101
[4/56] Running on node101
[3/56] Running on node101
[7/56] Running on node101
[5/56] Running on node101
[21/56] Running on node103
[8/56] Running on node101
[49/56] Running on node115
[23/56] Running on node103
[51/56] Running on node115
[34/56] Running on node113
[19/56] Running on node103
[41/56] Running on node114
[50/56] Running on node115
[9/56] Running on node102
[43/56] Running on node114
[52/56] Running on node115
[20/56] Running on node103
[45/56] Running on node114
[35/56] Running on node113
[53/56] Running on node115
[26/56] Running on node112
[18/56] Running on node103
[13/56] Running on node102
[42/56] Running on node114
[54/56] Running on node115
[29/56] Running on node112
[22/56] Running on node103
[14/56] Running on node102
[44/56] Running on node114
[37/56] Running on node113
[55/56] Running on node115
[25/56] Running on node112
[24/56] Running on node103
[15/56] Running on node102
[47/56] Running on node114
[36/56] Running on node113
[56/56] Running on node115
[27/56] Running on node112
[17/56] Running on node103
[16/56] Running on node102
[46/56] Running on node114
[38/56] Running on node113
[31/56] Running on node112
[10/56] Running on node102
[48/56] Running on node114
[33/56] Running on node113
[28/56] Running on node112
[11/56] Running on node102
[39/56] Running on node113
[30/56] Running on node112
[12/56] Running on node102
[40/56] Running on node113
[32/56] Running on node112

Reading file: /var/scratch/dbuurman/kmeans/size_26/clusters_4/dimension_4/seed_971/data.txt
EXP: readTime 46.4002 seconds
Detected 67108864 data points of dimension 4.


EXP 1: using seed aca34248
EXP 1: [5/56] calculationTime 0.433146 seconds
Stopping iterations due to convergence delta.
EXP 1: [1/56] calculationTime 0.433166 seconds
EXP 1: iterations 8
EXP 1: [2/56] calculationTime 0.433144 seconds
EXP 1: [7/56] calculationTime 0.433155 seconds
EXP 1: [8/56] calculationTime 0.433153 seconds
EXP 1: [3/56] calculationTime 0.433154 seconds
EXP 1: [6/56] calculationTime 0.433151 seconds
EXP 1: [4/56] calculationTime 0.433151 seconds
EXP 1: [34/56] calculationTime 0.433144 seconds
EXP 1: [52/56] calculationTime 0.43315 seconds
EXP 1: [37/56] calculationTime 0.433152 seconds
EXP 1: [18/56] calculationTime 0.433143 seconds
EXP 1: [10/56] calculationTime 0.433146 seconds
EXP 1: [46/56] calculationTime 0.433148 seconds
EXP 1: [35/56] calculationTime 0.433162 seconds
EXP 1: [53/56] calculationTime 0.433188 seconds
EXP 1: [32/56] calculationTime 0.433132 seconds
EXP 1: [21/56] calculationTime 0.433184 seconds
EXP 1: [11/56] calculationTime 0.433196 seconds
EXP 1: [48/56] calculationTime 0.433157 seconds
EXP 1: [36/56] calculationTime 0.433151 seconds
EXP 1: [54/56] calculationTime 0.433155 seconds
EXP 1: [29/56] calculationTime 0.433177 seconds
EXP 1: [22/56] calculationTime 0.43314 seconds
EXP 1: [9/56] calculationTime 0.4332 seconds
EXP 1: [45/56] calculationTime 0.4332 seconds
EXP 1: [33/56] calculationTime 0.433147 seconds
EXP 1: [55/56] calculationTime 0.433196 seconds
EXP 1: [25/56] calculationTime 0.433186 seconds
EXP 1: [17/56] calculationTime 0.433199 seconds
EXP 1: [13/56] calculationTime 0.433181 seconds
EXP 1: [41/56] calculationTime 0.433206 seconds
EXP 1: [39/56] calculationTime 0.433158 seconds
EXP 1: [56/56] calculationTime 0.433149 seconds
EXP 1: [31/56] calculationTime 0.433188 seconds
EXP 1: [24/56] calculationTime 0.433151 seconds
EXP 1: [14/56] calculationTime 0.433148 seconds
EXP 1: [42/56] calculationTime 0.433149 seconds
EXP 1: [40/56] calculationTime 0.433154 seconds
EXP 1: [50/56] calculationTime 0.433156 seconds
EXP 1: [26/56] calculationTime 0.433139 seconds
EXP 1: [20/56] calculationTime 0.433146 seconds
EXP 1: [15/56] calculationTime 0.433186 seconds
EXP 1: [43/56] calculationTime 0.433219 seconds
EXP 1: [38/56] calculationTime 0.433154 seconds
EXP 1: [51/56] calculationTime 0.433203 seconds
EXP 1: [28/56] calculationTime 0.433133 seconds
EXP 1: [23/56] calculationTime 0.433196 seconds
EXP 1: [12/56] calculationTime 0.433144 seconds
EXP 1: [47/56] calculationTime 0.433212 seconds
EXP 1: [49/56] calculationTime 0.433207 seconds
EXP 1: [27/56] calculationTime 0.433195 seconds
EXP 1: [19/56] calculationTime 0.433204 seconds
EXP 1: [16/56] calculationTime 0.433143 seconds
EXP 1: [44/56] calculationTime 0.433152 seconds
EXP 1: [30/56] calculationTime 0.433137 seconds
EXP 1: writeTime 0.001579 seconds
EXP 2: using seed 69b3bd55
EXP 2: [3/56] calculationTime 0.744363 seconds
EXP 2: [6/56] calculationTime 0.744325 seconds
EXP 2: [4/56] calculationTime 0.744328 seconds
EXP 2: [2/56] calculationTime 0.744326 seconds
EXP 2: [7/56] calculationTime 0.744381 seconds
EXP 2: [8/56] calculationTime 0.74433 seconds
EXP 2: [5/56] calculationTime 0.744365 seconds
Stopping iterations due to convergence delta.
EXP 2: [1/56] calculationTime 0.744384 seconds
EXP 2: iterations 19
EXP 2: [40/56] calculationTime 0.74431 seconds
EXP 2: [20/56] calculationTime 0.744308 seconds
EXP 2: [51/56] calculationTime 0.744371 seconds
EXP 2: [23/56] calculationTime 0.744372 seconds
EXP 2: [48/56] calculationTime 0.744341 seconds
EXP 2: [39/56] calculationTime 0.744371 seconds
EXP 2: [56/56] calculationTime 0.744314 seconds
EXP 2: [28/56] calculationTime 0.744319 seconds
EXP 2: [22/56] calculationTime 0.744333 seconds
EXP 2: [13/56] calculationTime 0.74437 seconds
EXP 2: [45/56] calculationTime 0.744373 seconds
EXP 2: [34/56] calculationTime 0.744303 seconds
EXP 2: [55/56] calculationTime 0.744369 seconds
EXP 2: [27/56] calculationTime 0.744366 seconds
EXP 2: [18/56] calculationTime 0.74431 seconds
EXP 2: [14/56] calculationTime 0.744306 seconds
EXP 2: [41/56] calculationTime 0.744368 seconds
EXP 2: [37/56] calculationTime 0.744364 seconds
EXP 2: [52/56] calculationTime 0.74433 seconds
EXP 2: [30/56] calculationTime 0.744301 seconds
EXP 2: [21/56] calculationTime 0.744361 seconds
EXP 2: [16/56] calculationTime 0.744307 seconds
EXP 2: [42/56] calculationTime 0.744314 seconds
EXP 2: [35/56] calculationTime 0.744362 seconds
EXP 2: [53/56] calculationTime 0.744374 seconds
EXP 2: [32/56] calculationTime 0.744311 seconds
EXP 2: [19/56] calculationTime 0.744356 seconds
EXP 2: [12/56] calculationTime 0.744326 seconds
EXP 2: writeTime 0.000859 seconds
EXP 3: using seed 71836958
EXP 2: [43/56] calculationTime 0.744368 seconds
EXP 2: [36/56] calculationTime 0.744303 seconds
EXP 2: [54/56] calculationTime 0.744311 seconds
EXP 2: [29/56] calculationTime 0.744369 seconds
EXP 2: [17/56] calculationTime 0.744357 seconds
EXP 2: [15/56] calculationTime 0.744364 seconds
EXP 2: [47/56] calculationTime 0.744381 seconds
EXP 2: [33/56] calculationTime 0.74436 seconds
EXP 2: [49/56] calculationTime 0.744371 seconds
EXP 2: [25/56] calculationTime 0.744364 seconds
EXP 2: [24/56] calculationTime 0.744337 seconds
EXP 2: [10/56] calculationTime 0.744322 seconds
EXP 2: [50/56] calculationTime 0.744331 seconds
EXP 2: [31/56] calculationTime 0.744363 seconds
EXP 2: [11/56] calculationTime 0.744367 seconds
EXP 2: [46/56] calculationTime 0.744336 seconds
EXP 2: [38/56] calculationTime 0.74431 seconds
EXP 2: [9/56] calculationTime 0.744368 seconds
EXP 2: [44/56] calculationTime 0.744312 seconds
EXP 2: [26/56] calculationTime 0.74432 seconds
EXP 3: [5/56] calculationTime 1.15645 seconds
EXP 3: [3/56] calculationTime 1.15646 seconds
EXP 3: [6/56] calculationTime 1.15646 seconds
EXP 3: [4/56] calculationTime 1.15646 seconds
EXP 3: [2/56] calculationTime 1.15646 seconds
EXP 3: [7/56] calculationTime 1.15646 seconds
EXP 3: [8/56] calculationTime 1.15646 seconds
Stopping iterations due to convergence delta.
EXP 3: [1/56] calculationTime 1.15647 seconds
EXP 3: iterations 27
EXP 3: [34/56] calculationTime 1.15646 seconds
EXP 3: [37/56] calculationTime 1.15645 seconds
EXP 3: [55/56] calculationTime 1.15647 seconds
EXP 3: [23/56] calculationTime 1.15646 seconds
EXP 3: [14/56] calculationTime 1.15646 seconds
EXP 3: [41/56] calculationTime 1.15646 seconds
EXP 3: [35/56] calculationTime 1.15645 seconds
EXP 3: [52/56] calculationTime 1.15646 seconds
EXP 3: [32/56] calculationTime 1.15647 seconds
EXP 3: [22/56] calculationTime 1.15647 seconds
EXP 3: [13/56] calculationTime 1.15645 seconds
EXP 3: [42/56] calculationTime 1.15647 seconds
EXP 3: [36/56] calculationTime 1.15646 seconds
EXP 3: [53/56] calculationTime 1.15645 seconds
EXP 3: [29/56] calculationTime 1.15645 seconds
EXP 3: [18/56] calculationTime 1.15646 seconds
EXP 3: [9/56] calculationTime 1.15646 seconds
EXP 3: writeTime 0.000794 seconds
EXP 4: using seed ba0e8706
EXP 3: [43/56] calculationTime 1.15646 seconds
EXP 3: [38/56] calculationTime 1.15646 seconds
EXP 3: [50/56] calculationTime 1.15646 seconds
EXP 3: [25/56] calculationTime 1.15645 seconds
EXP 3: [24/56] calculationTime 1.15647 seconds
EXP 3: [16/56] calculationTime 1.15647 seconds
EXP 3: [47/56] calculationTime 1.15646 seconds
EXP 3: [33/56] calculationTime 1.15645 seconds
EXP 3: [49/56] calculationTime 1.15646 seconds
EXP 3: [31/56] calculationTime 1.15646 seconds
EXP 3: [19/56] calculationTime 1.15646 seconds
EXP 3: [12/56] calculationTime 1.15646 seconds
EXP 3: [54/56] calculationTime 1.15646 seconds
EXP 3: [27/56] calculationTime 1.15645 seconds
EXP 3: [17/56] calculationTime 1.15646 seconds
EXP 3: [15/56] calculationTime 1.15647 seconds
EXP 3: [44/56] calculationTime 1.15647 seconds
EXP 3: [40/56] calculationTime 1.15647 seconds
EXP 3: [46/56] calculationTime 1.15646 seconds
EXP 3: [39/56] calculationTime 1.15645 seconds
EXP 3: [51/56] calculationTime 1.15646 seconds
EXP 3: [28/56] calculationTime 1.15646 seconds
EXP 3: [21/56] calculationTime 1.15645 seconds
EXP 3: [10/56] calculationTime 1.15646 seconds
EXP 3: [48/56] calculationTime 1.15647 seconds
EXP 3: [56/56] calculationTime 1.15647 seconds
EXP 3: [26/56] calculationTime 1.15646 seconds
EXP 3: [20/56] calculationTime 1.15646 seconds
EXP 3: [11/56] calculationTime 1.15647 seconds
EXP 3: [45/56] calculationTime 1.15646 seconds
EXP 3: [30/56] calculationTime 1.15645 seconds
EXP 4: [2/56] calculationTime 0.442837 seconds
EXP 4: [7/56] calculationTime 0.442835 seconds
Stopping iterations due to convergence delta.
EXP 4: [1/56] calculationTime 0.442853 seconds
EXP 4: iterations 8
EXP 4: [8/56] calculationTime 0.442858 seconds
EXP 4: [5/56] calculationTime 0.442833 seconds
EXP 4: [3/56] calculationTime 0.44283 seconds
EXP 4: [6/56] calculationTime 0.442838 seconds
EXP 4: [4/56] calculationTime 0.442852 seconds
EXP 4: [39/56] calculationTime 0.442833 seconds
EXP 4: [49/56] calculationTime 0.442839 seconds
EXP 4: [17/56] calculationTime 0.442837 seconds
EXP 4: [46/56] calculationTime 0.442842 seconds
EXP 4: [38/56] calculationTime 0.442836 seconds
EXP 4: [54/56] calculationTime 0.442843 seconds
EXP 4: [31/56] calculationTime 0.442841 seconds
EXP 4: [21/56] calculationTime 0.442836 seconds
EXP 4: [12/56] calculationTime 0.442849 seconds
EXP 4: writeTime 0.000707 seconds
EXP 5: using seed 72978c36
EXP 4: [48/56] calculationTime 0.442858 seconds
EXP 4: [33/56] calculationTime 0.442833 seconds
EXP 4: [51/56] calculationTime 0.442832 seconds
EXP 4: [27/56] calculationTime 0.442826 seconds
EXP 4: [18/56] calculationTime 0.442839 seconds
EXP 4: [15/56] calculationTime 0.44284 seconds
EXP 4: [47/56] calculationTime 0.44284 seconds
EXP 4: [40/56] calculationTime 0.442853 seconds
EXP 4: [53/56] calculationTime 0.44284 seconds
EXP 4: [30/56] calculationTime 0.442839 seconds
EXP 4: [23/56] calculationTime 0.442838 seconds
EXP 4: [10/56] calculationTime 0.442834 seconds
EXP 4: [36/56] calculationTime 0.442848 seconds
EXP 4: [55/56] calculationTime 0.442843 seconds
EXP 4: [26/56] calculationTime 0.442836 seconds
EXP 4: [22/56] calculationTime 0.44284 seconds
EXP 4: [13/56] calculationTime 0.442836 seconds
EXP 4: [41/56] calculationTime 0.442835 seconds
EXP 4: [42/56] calculationTime 0.442833 seconds
EXP 4: [34/56] calculationTime 0.442836 seconds
EXP 4: [52/56] calculationTime 0.442852 seconds
EXP 4: [28/56] calculationTime 0.442847 seconds
EXP 4: [20/56] calculationTime 0.44285 seconds
EXP 4: [14/56] calculationTime 0.442836 seconds
EXP 4: [24/56] calculationTime 0.442856 seconds
EXP 4: [11/56] calculationTime 0.442829 seconds
EXP 4: [43/56] calculationTime 0.442829 seconds
EXP 4: [37/56] calculationTime 0.442832 seconds
EXP 4: [56/56] calculationTime 0.442857 seconds
EXP 4: [32/56] calculationTime 0.442861 seconds
EXP 4: [45/56] calculationTime 0.442836 seconds
EXP 4: [35/56] calculationTime 0.442829 seconds
EXP 4: [50/56] calculationTime 0.442841 seconds
EXP 4: [29/56] calculationTime 0.442836 seconds
EXP 4: [19/56] calculationTime 0.442836 seconds
EXP 4: [9/56] calculationTime 0.442836 seconds
EXP 4: [44/56] calculationTime 0.442853 seconds
EXP 4: [25/56] calculationTime 0.442836 seconds
EXP 4: [16/56] calculationTime 0.44285 seconds
EXP 5: [5/56] calculationTime 0.410188 seconds
EXP 5: [3/56] calculationTime 0.410181 seconds
EXP 5: [6/56] calculationTime 0.410184 seconds
EXP 5: [7/56] calculationTime 0.410185 seconds
EXP 5: [2/56] calculationTime 0.410176 seconds
Stopping iterations due to convergence delta.
EXP 5: [1/56] calculationTime 0.410212 seconds
EXP 5: iterations 8
EXP 5: [4/56] calculationTime 0.41018 seconds
EXP 5: [8/56] calculationTime 0.410197 seconds
EXP: [6/56] fullTime 56.3849 seconds
EXP: [8/56] fullTime 56.3845 seconds
EXP 5: [36/56] calculationTime 0.410193 seconds
EXP 5: [50/56] calculationTime 0.410194 seconds
EXP 5: [19/56] calculationTime 0.410191 seconds
EXP: [3/56] fullTime 56.3848 seconds
EXP: [7/56] fullTime 56.3848 seconds
EXP: [4/56] fullTime 56.3851 seconds
EXP: [2/56] fullTime 56.3851 seconds
EXP: [5/56] fullTime 56.3847 seconds
EXP 5: [42/56] calculationTime 0.410187 seconds
EXP 5: [34/56] calculationTime 0.410195 seconds
EXP 5: [56/56] calculationTime 0.410196 seconds
EXP 5: [30/56] calculationTime 0.41019 seconds
EXP 5: [20/56] calculationTime 0.410194 seconds
EXP 5: [13/56] calculationTime 0.410196 seconds
EXP 5: [44/56] calculationTime 0.410187 seconds
EXP 5: [37/56] calculationTime 0.410188 seconds
EXP 5: [52/56] calculationTime 0.410194 seconds
EXP 5: [26/56] calculationTime 0.410186 seconds
EXP 5: [24/56] calculationTime 0.410197 seconds
EXP 5: [16/56] calculationTime 0.41019 seconds
EXP 5: writeTime 0.001009 seconds
EXP: [1/56] fullTime 56.3859 seconds
EXP 5: [45/56] calculationTime 0.410197 seconds
EXP 5: [35/56] calculationTime 0.410188 seconds
EXP 5: [49/56] calculationTime 0.410193 seconds
EXP 5: [28/56] calculationTime 0.410185 seconds
EXP 5: [22/56] calculationTime 0.410195 seconds
EXP 5: [11/56] calculationTime 0.410195 seconds
EXP 5: [43/56] calculationTime 0.410196 seconds
EXP 5: [39/56] calculationTime 0.410185 seconds
EXP 5: [54/56] calculationTime 0.410195 seconds
EXP 5: [32/56] calculationTime 0.410201 seconds
EXP 5: [17/56] calculationTime 0.410186 seconds
EXP 5: [9/56] calculationTime 0.410202 seconds
EXP 5: [46/56] calculationTime 0.410192 seconds
EXP 5: [38/56] calculationTime 0.41019 seconds
EXP 5: [51/56] calculationTime 0.410193 seconds
EXP 5: [29/56] calculationTime 0.410202 seconds
EXP 5: [21/56] calculationTime 0.410193 seconds
EXP 5: [14/56] calculationTime 0.410187 seconds
EXP 5: [48/56] calculationTime 0.410189 seconds
EXP 5: [33/56] calculationTime 0.41019 seconds
EXP 5: [53/56] calculationTime 0.410196 seconds
EXP 5: [27/56] calculationTime 0.410195 seconds
EXP 5: [18/56] calculationTime 0.410197 seconds
EXP 5: [12/56] calculationTime 0.410185 seconds
EXP 5: [47/56] calculationTime 0.410201 seconds
EXP 5: [40/56] calculationTime 0.410196 seconds
EXP 5: [55/56] calculationTime 0.410193 seconds
EXP 5: [31/56] calculationTime 0.410206 seconds
EXP 5: [23/56] calculationTime 0.410188 seconds
EXP 5: [15/56] calculationTime 0.410199 seconds
EXP 5: [41/56] calculationTime 0.410201 seconds
EXP: [33/56] fullTime 56.3843 seconds
EXP: [50/56] fullTime 56.3846 seconds
EXP 5: [25/56] calculationTime 0.410204 seconds
EXP: [20/56] fullTime 56.3846 seconds
EXP 5: [10/56] calculationTime 0.410188 seconds
EXP: [43/56] fullTime 56.3844 seconds
EXP: [34/56] fullTime 56.3845 seconds
EXP: [56/56] fullTime 56.3843 seconds
EXP: [25/56] fullTime 56.3843 seconds
EXP: [17/56] fullTime 56.3844 seconds
EXP: [16/56] fullTime 56.3844 seconds
EXP: [48/56] fullTime 56.3841 seconds
EXP: [40/56] fullTime 56.3842 seconds
EXP: [49/56] fullTime 56.3847 seconds
EXP: [26/56] fullTime 56.3843 seconds
EXP: [23/56] fullTime 56.3847 seconds
EXP: [9/56] fullTime 56.3845 seconds
EXP: [47/56] fullTime 56.3842 seconds
EXP: [39/56] fullTime 56.3842 seconds
EXP: [55/56] fullTime 56.3844 seconds
EXP: [32/56] fullTime 56.384 seconds
EXP: [24/56] fullTime 56.3845 seconds
EXP: [15/56] fullTime 56.3845 seconds
EXP: [42/56] fullTime 56.3844 seconds
EXP: [52/56] fullTime 56.3847 seconds
EXP: [28/56] fullTime 56.3843 seconds
EXP: [18/56] fullTime 56.3845 seconds
EXP: [41/56] fullTime 56.3845 seconds
EXP: [35/56] fullTime 56.3846 seconds
EXP: [54/56] fullTime 56.3847 seconds
EXP: [29/56] fullTime 56.3845 seconds
EXP: [21/56] fullTime 56.3848 seconds
EXP: [10/56] fullTime 56.3845 seconds
EXP: [44/56] fullTime 56.3845 seconds
EXP: [38/56] fullTime 56.3844 seconds
EXP: [51/56] fullTime 56.3848 seconds
EXP: [27/56] fullTime 56.3844 seconds
EXP: [19/56] fullTime 56.3847 seconds
EXP: [11/56] fullTime 56.3845 seconds
EXP: [45/56] fullTime 56.3846 seconds
EXP: [37/56] fullTime 56.3846 seconds
EXP: [53/56] fullTime 56.3848 seconds
EXP: [31/56] fullTime 56.3843 seconds
EXP: [22/56] fullTime 56.3847 seconds
EXP: [14/56] fullTime 56.3846 seconds
EXP: [12/56] fullTime 56.3846 seconds
EXP: [46/56] fullTime 56.3844 seconds
EXP: [36/56] fullTime 56.3844 seconds
EXP: [30/56] fullTime 56.3842 seconds
EXP: [13/56] fullTime 56.3846 seconds

OK 1: result matches reference
OK 2: result matches reference
OK 3: result matches reference
OK 4: result matches reference
OK 5: result matches reference
